INFO - 2026-04-21 11:19:41 --> Session: Class initialized using 'CodeIgniter\Session\Handlers\FileHandler' driver.
INFO - 2026-04-21 11:19:42 --> Session: Class initialized using 'CodeIgniter\Session\Handlers\FileHandler' driver.
INFO - 2026-04-21 11:39:07 --> Session: Class initialized using 'CodeIgniter\Session\Handlers\FileHandler' driver.
INFO - 2026-04-21 11:39:08 --> Session: Class initialized using 'CodeIgniter\Session\Handlers\FileHandler' driver.
INFO - 2026-04-21 11:43:20 --> Session: Class initialized using 'CodeIgniter\Session\Handlers\FileHandler' driver.
INFO - 2026-04-21 11:44:11 --> Session: Class initialized using 'CodeIgniter\Session\Handlers\FileHandler' driver.
INFO - 2026-04-21 11:44:14 --> Session: Class initialized using 'CodeIgniter\Session\Handlers\FileHandler' driver.
INFO - 2026-04-21 11:44:26 --> Session: Class initialized using 'CodeIgniter\Session\Handlers\FileHandler' driver.
INFO - 2026-04-21 11:44:28 --> Session: Class initialized using 'CodeIgniter\Session\Handlers\FileHandler' driver.
INFO - 2026-04-21 11:44:32 --> Session: Class initialized using 'CodeIgniter\Session\Handlers\FileHandler' driver.
INFO - 2026-04-21 11:44:35 --> Session: Class initialized using 'CodeIgniter\Session\Handlers\FileHandler' driver.
INFO - 2026-04-21 11:44:35 --> Session: Class initialized using 'CodeIgniter\Session\Handlers\FileHandler' driver.
INFO - 2026-04-21 11:44:37 --> Session: Class initialized using 'CodeIgniter\Session\Handlers\FileHandler' driver.
INFO - 2026-04-21 11:44:41 --> Session: Class initialized using 'CodeIgniter\Session\Handlers\FileHandler' driver.
INFO - 2026-04-21 11:44:42 --> Session: Class initialized using 'CodeIgniter\Session\Handlers\FileHandler' driver.
INFO - 2026-04-21 11:44:44 --> Session: Class initialized using 'CodeIgniter\Session\Handlers\FileHandler' driver.
INFO - 2026-04-21 11:44:45 --> Session: Class initialized using 'CodeIgniter\Session\Handlers\FileHandler' driver.
INFO - 2026-04-21 11:44:51 --> Session: Class initialized using 'CodeIgniter\Session\Handlers\FileHandler' driver.
INFO - 2026-04-21 11:44:52 --> Session: Class initialized using 'CodeIgniter\Session\Handlers\FileHandler' driver.
INFO - 2026-04-21 11:44:53 --> Session: Class initialized using 'CodeIgniter\Session\Handlers\FileHandler' driver.
INFO - 2026-04-21 11:44:54 --> Session: Class initialized using 'CodeIgniter\Session\Handlers\FileHandler' driver.
INFO - 2026-04-21 11:44:55 --> Session: Class initialized using 'CodeIgniter\Session\Handlers\FileHandler' driver.
INFO - 2026-04-21 11:44:57 --> Session: Class initialized using 'CodeIgniter\Session\Handlers\FileHandler' driver.
INFO - 2026-04-21 11:46:38 --> Session: Class initialized using 'CodeIgniter\Session\Handlers\FileHandler' driver.
INFO - 2026-04-21 11:46:40 --> Session: Class initialized using 'CodeIgniter\Session\Handlers\FileHandler' driver.
INFO - 2026-04-21 11:46:42 --> Session: Class initialized using 'CodeIgniter\Session\Handlers\FileHandler' driver.
INFO - 2026-04-21 11:46:43 --> Session: Class initialized using 'CodeIgniter\Session\Handlers\FileHandler' driver.
INFO - 2026-04-21 11:46:44 --> Session: Class initialized using 'CodeIgniter\Session\Handlers\FileHandler' driver.
INFO - 2026-04-21 11:46:50 --> Session: Class initialized using 'CodeIgniter\Session\Handlers\FileHandler' driver.
INFO - 2026-04-21 11:46:50 --> Session: Class initialized using 'CodeIgniter\Session\Handlers\FileHandler' driver.
INFO - 2026-04-21 11:47:02 --> Session: Class initialized using 'CodeIgniter\Session\Handlers\FileHandler' driver.
INFO - 2026-04-21 11:47:02 --> Session: Class initialized using 'CodeIgniter\Session\Handlers\FileHandler' driver.
INFO - 2026-04-21 11:47:32 --> Session: Class initialized using 'CodeIgniter\Session\Handlers\FileHandler' driver.
INFO - 2026-04-21 11:50:53 --> Session: Class initialized using 'CodeIgniter\Session\Handlers\FileHandler' driver.
INFO - 2026-04-21 11:52:11 --> Session: Class initialized using 'CodeIgniter\Session\Handlers\FileHandler' driver.
INFO - 2026-04-21 11:52:20 --> Session: Class initialized using 'CodeIgniter\Session\Handlers\FileHandler' driver.
INFO - 2026-04-21 11:52:22 --> Session: Class initialized using 'CodeIgniter\Session\Handlers\FileHandler' driver.
INFO - 2026-04-21 11:52:37 --> Session: Class initialized using 'CodeIgniter\Session\Handlers\FileHandler' driver.
INFO - 2026-04-21 11:52:38 --> Session: Class initialized using 'CodeIgniter\Session\Handlers\FileHandler' driver.
INFO - 2026-04-21 11:52:42 --> Session: Class initialized using 'CodeIgniter\Session\Handlers\FileHandler' driver.
INFO - 2026-04-21 11:52:46 --> Session: Class initialized using 'CodeIgniter\Session\Handlers\FileHandler' driver.
ERROR - 2026-04-21 11:52:46 --> mysqli_sql_exception: Table 'campusvoice.social_post_shares' doesn't exist in C:\xamppp\htdocs\campusvoice\system\Database\MySQLi\Connection.php:306
Stack trace:
#0 C:\xamppp\htdocs\campusvoice\system\Database\MySQLi\Connection.php(306): mysqli->query('SELECT `post_id...', 0)
#1 C:\xamppp\htdocs\campusvoice\system\Database\BaseConnection.php(693): CodeIgniter\Database\MySQLi\Connection->execute('SELECT `post_id...')
#2 C:\xamppp\htdocs\campusvoice\system\Database\BaseConnection.php(607): CodeIgniter\Database\BaseConnection->simpleQuery('SELECT `post_id...')
#3 C:\xamppp\htdocs\campusvoice\system\Database\BaseBuilder.php(1616): CodeIgniter\Database\BaseConnection->query('SELECT `post_id...', Array, false)
#4 C:\xamppp\htdocs\campusvoice\app\Controllers\Student\PortalController.php(293): CodeIgniter\Database\BaseBuilder->get()
#5 C:\xamppp\htdocs\campusvoice\app\Controllers\Student\PortalController.php(64): App\Controllers\Student\PortalController->buildCommunityPosts(5)
#6 C:\xamppp\htdocs\campusvoice\system\CodeIgniter.php(943): App\Controllers\Student\PortalController->index()
#7 C:\xamppp\htdocs\campusvoice\system\CodeIgniter.php(503): CodeIgniter\CodeIgniter->runController(Object(App\Controllers\Student\PortalController))
#8 C:\xamppp\htdocs\campusvoice\system\CodeIgniter.php(361): CodeIgniter\CodeIgniter->handleRequest(NULL, Object(Config\Cache), false)
#9 C:\xamppp\htdocs\campusvoice\public\index.php(79): CodeIgniter\CodeIgniter->run()
#10 {main}
CRITICAL - 2026-04-21 11:52:46 --> CodeIgniter\Database\Exceptions\DatabaseException: Table 'campusvoice.social_post_shares' doesn't exist
in SYSTEMPATH\Database\BaseConnection.php on line 647.
 1 SYSTEMPATH\Database\BaseBuilder.php(1616): CodeIgniter\Database\BaseConnection->query('SELECT `post_id`, COUNT(*) as total
FROM `social_post_shares`
WHERE `post_id` IN :post_id:
GROUP BY `post_id`', [...], false)
 2 APPPATH\Controllers\Student\PortalController.php(293): CodeIgniter\Database\BaseBuilder->get()
 3 APPPATH\Controllers\Student\PortalController.php(64): App\Controllers\Student\PortalController->buildCommunityPosts(5)
 4 SYSTEMPATH\CodeIgniter.php(943): App\Controllers\Student\PortalController->index()
 5 SYSTEMPATH\CodeIgniter.php(503): CodeIgniter\CodeIgniter->runController(Object(App\Controllers\Student\PortalController))
 6 SYSTEMPATH\CodeIgniter.php(361): CodeIgniter\CodeIgniter->handleRequest(null, Object(Config\Cache), false)
 7 FCPATH\index.php(79): CodeIgniter\CodeIgniter->run()
CRITICAL - 2026-04-21 11:52:46 --> [Caused by] CodeIgniter\Database\Exceptions\DatabaseException: Table 'campusvoice.social_post_shares' doesn't exist
in SYSTEMPATH\Database\MySQLi\Connection.php on line 311.
 1 SYSTEMPATH\Database\BaseConnection.php(693): CodeIgniter\Database\MySQLi\Connection->execute('SELECT `post_id`, COUNT(*) as total
FROM `social_post_shares`
WHERE `post_id` IN (31)
GROUP BY `post_id`')
 2 SYSTEMPATH\Database\BaseConnection.php(607): CodeIgniter\Database\BaseConnection->simpleQuery('SELECT `post_id`, COUNT(*) as total
FROM `social_post_shares`
WHERE `post_id` IN (31)
GROUP BY `post_id`')
 3 SYSTEMPATH\Database\BaseBuilder.php(1616): CodeIgniter\Database\BaseConnection->query('SELECT `post_id`, COUNT(*) as total
FROM `social_post_shares`
WHERE `post_id` IN :post_id:
GROUP BY `post_id`', [...], false)
 4 APPPATH\Controllers\Student\PortalController.php(293): CodeIgniter\Database\BaseBuilder->get()
 5 APPPATH\Controllers\Student\PortalController.php(64): App\Controllers\Student\PortalController->buildCommunityPosts(5)
 6 SYSTEMPATH\CodeIgniter.php(943): App\Controllers\Student\PortalController->index()
 7 SYSTEMPATH\CodeIgniter.php(503): CodeIgniter\CodeIgniter->runController(Object(App\Controllers\Student\PortalController))
 8 SYSTEMPATH\CodeIgniter.php(361): CodeIgniter\CodeIgniter->handleRequest(null, Object(Config\Cache), false)
 9 FCPATH\index.php(79): CodeIgniter\CodeIgniter->run()
CRITICAL - 2026-04-21 11:52:46 --> [Caused by] mysqli_sql_exception: Table 'campusvoice.social_post_shares' doesn't exist
in SYSTEMPATH\Database\MySQLi\Connection.php on line 306.
 1 SYSTEMPATH\Database\MySQLi\Connection.php(306): mysqli->query('SELECT `post_id`, COUNT(*) as total
FROM `social_post_shares`
WHERE `post_id` IN (31)
GROUP BY `post_id`', 0)
 2 SYSTEMPATH\Database\BaseConnection.php(693): CodeIgniter\Database\MySQLi\Connection->execute('SELECT `post_id`, COUNT(*) as total
FROM `social_post_shares`
WHERE `post_id` IN (31)
GROUP BY `post_id`')
 3 SYSTEMPATH\Database\BaseConnection.php(607): CodeIgniter\Database\BaseConnection->simpleQuery('SELECT `post_id`, COUNT(*) as total
FROM `social_post_shares`
WHERE `post_id` IN (31)
GROUP BY `post_id`')
 4 SYSTEMPATH\Database\BaseBuilder.php(1616): CodeIgniter\Database\BaseConnection->query('SELECT `post_id`, COUNT(*) as total
FROM `social_post_shares`
WHERE `post_id` IN :post_id:
GROUP BY `post_id`', [...], false)
 5 APPPATH\Controllers\Student\PortalController.php(293): CodeIgniter\Database\BaseBuilder->get()
 6 APPPATH\Controllers\Student\PortalController.php(64): App\Controllers\Student\PortalController->buildCommunityPosts(5)
 7 SYSTEMPATH\CodeIgniter.php(943): App\Controllers\Student\PortalController->index()
 8 SYSTEMPATH\CodeIgniter.php(503): CodeIgniter\CodeIgniter->runController(Object(App\Controllers\Student\PortalController))
 9 SYSTEMPATH\CodeIgniter.php(361): CodeIgniter\CodeIgniter->handleRequest(null, Object(Config\Cache), false)
10 FCPATH\index.php(79): CodeIgniter\CodeIgniter->run()
INFO - 2026-04-21 11:52:49 --> Session: Class initialized using 'CodeIgniter\Session\Handlers\FileHandler' driver.
ERROR - 2026-04-21 11:52:49 --> mysqli_sql_exception: Table 'campusvoice.social_post_shares' doesn't exist in C:\xamppp\htdocs\campusvoice\system\Database\MySQLi\Connection.php:306
Stack trace:
#0 C:\xamppp\htdocs\campusvoice\system\Database\MySQLi\Connection.php(306): mysqli->query('SELECT `post_id...', 0)
#1 C:\xamppp\htdocs\campusvoice\system\Database\BaseConnection.php(693): CodeIgniter\Database\MySQLi\Connection->execute('SELECT `post_id...')
#2 C:\xamppp\htdocs\campusvoice\system\Database\BaseConnection.php(607): CodeIgniter\Database\BaseConnection->simpleQuery('SELECT `post_id...')
#3 C:\xamppp\htdocs\campusvoice\system\Database\BaseBuilder.php(1616): CodeIgniter\Database\BaseConnection->query('SELECT `post_id...', Array, false)
#4 C:\xamppp\htdocs\campusvoice\app\Controllers\Student\PortalController.php(293): CodeIgniter\Database\BaseBuilder->get()
#5 C:\xamppp\htdocs\campusvoice\app\Controllers\Student\PortalController.php(64): App\Controllers\Student\PortalController->buildCommunityPosts(5)
#6 C:\xamppp\htdocs\campusvoice\system\CodeIgniter.php(943): App\Controllers\Student\PortalController->index()
#7 C:\xamppp\htdocs\campusvoice\system\CodeIgniter.php(503): CodeIgniter\CodeIgniter->runController(Object(App\Controllers\Student\PortalController))
#8 C:\xamppp\htdocs\campusvoice\system\CodeIgniter.php(361): CodeIgniter\CodeIgniter->handleRequest(NULL, Object(Config\Cache), false)
#9 C:\xamppp\htdocs\campusvoice\public\index.php(79): CodeIgniter\CodeIgniter->run()
#10 {main}
CRITICAL - 2026-04-21 11:52:49 --> CodeIgniter\Database\Exceptions\DatabaseException: Table 'campusvoice.social_post_shares' doesn't exist
in SYSTEMPATH\Database\BaseConnection.php on line 647.
 1 SYSTEMPATH\Database\BaseBuilder.php(1616): CodeIgniter\Database\BaseConnection->query('SELECT `post_id`, COUNT(*) as total
FROM `social_post_shares`
WHERE `post_id` IN :post_id:
GROUP BY `post_id`', [...], false)
 2 APPPATH\Controllers\Student\PortalController.php(293): CodeIgniter\Database\BaseBuilder->get()
 3 APPPATH\Controllers\Student\PortalController.php(64): App\Controllers\Student\PortalController->buildCommunityPosts(5)
 4 SYSTEMPATH\CodeIgniter.php(943): App\Controllers\Student\PortalController->index()
 5 SYSTEMPATH\CodeIgniter.php(503): CodeIgniter\CodeIgniter->runController(Object(App\Controllers\Student\PortalController))
 6 SYSTEMPATH\CodeIgniter.php(361): CodeIgniter\CodeIgniter->handleRequest(null, Object(Config\Cache), false)
 7 FCPATH\index.php(79): CodeIgniter\CodeIgniter->run()
CRITICAL - 2026-04-21 11:52:49 --> [Caused by] CodeIgniter\Database\Exceptions\DatabaseException: Table 'campusvoice.social_post_shares' doesn't exist
in SYSTEMPATH\Database\MySQLi\Connection.php on line 311.
 1 SYSTEMPATH\Database\BaseConnection.php(693): CodeIgniter\Database\MySQLi\Connection->execute('SELECT `post_id`, COUNT(*) as total
FROM `social_post_shares`
WHERE `post_id` IN (31)
GROUP BY `post_id`')
 2 SYSTEMPATH\Database\BaseConnection.php(607): CodeIgniter\Database\BaseConnection->simpleQuery('SELECT `post_id`, COUNT(*) as total
FROM `social_post_shares`
WHERE `post_id` IN (31)
GROUP BY `post_id`')
 3 SYSTEMPATH\Database\BaseBuilder.php(1616): CodeIgniter\Database\BaseConnection->query('SELECT `post_id`, COUNT(*) as total
FROM `social_post_shares`
WHERE `post_id` IN :post_id:
GROUP BY `post_id`', [...], false)
 4 APPPATH\Controllers\Student\PortalController.php(293): CodeIgniter\Database\BaseBuilder->get()
 5 APPPATH\Controllers\Student\PortalController.php(64): App\Controllers\Student\PortalController->buildCommunityPosts(5)
 6 SYSTEMPATH\CodeIgniter.php(943): App\Controllers\Student\PortalController->index()
 7 SYSTEMPATH\CodeIgniter.php(503): CodeIgniter\CodeIgniter->runController(Object(App\Controllers\Student\PortalController))
 8 SYSTEMPATH\CodeIgniter.php(361): CodeIgniter\CodeIgniter->handleRequest(null, Object(Config\Cache), false)
 9 FCPATH\index.php(79): CodeIgniter\CodeIgniter->run()
CRITICAL - 2026-04-21 11:52:49 --> [Caused by] mysqli_sql_exception: Table 'campusvoice.social_post_shares' doesn't exist
in SYSTEMPATH\Database\MySQLi\Connection.php on line 306.
 1 SYSTEMPATH\Database\MySQLi\Connection.php(306): mysqli->query('SELECT `post_id`, COUNT(*) as total
FROM `social_post_shares`
WHERE `post_id` IN (31)
GROUP BY `post_id`', 0)
 2 SYSTEMPATH\Database\BaseConnection.php(693): CodeIgniter\Database\MySQLi\Connection->execute('SELECT `post_id`, COUNT(*) as total
FROM `social_post_shares`
WHERE `post_id` IN (31)
GROUP BY `post_id`')
 3 SYSTEMPATH\Database\BaseConnection.php(607): CodeIgniter\Database\BaseConnection->simpleQuery('SELECT `post_id`, COUNT(*) as total
FROM `social_post_shares`
WHERE `post_id` IN (31)
GROUP BY `post_id`')
 4 SYSTEMPATH\Database\BaseBuilder.php(1616): CodeIgniter\Database\BaseConnection->query('SELECT `post_id`, COUNT(*) as total
FROM `social_post_shares`
WHERE `post_id` IN :post_id:
GROUP BY `post_id`', [...], false)
 5 APPPATH\Controllers\Student\PortalController.php(293): CodeIgniter\Database\BaseBuilder->get()
 6 APPPATH\Controllers\Student\PortalController.php(64): App\Controllers\Student\PortalController->buildCommunityPosts(5)
 7 SYSTEMPATH\CodeIgniter.php(943): App\Controllers\Student\PortalController->index()
 8 SYSTEMPATH\CodeIgniter.php(503): CodeIgniter\CodeIgniter->runController(Object(App\Controllers\Student\PortalController))
 9 SYSTEMPATH\CodeIgniter.php(361): CodeIgniter\CodeIgniter->handleRequest(null, Object(Config\Cache), false)
10 FCPATH\index.php(79): CodeIgniter\CodeIgniter->run()
INFO - 2026-04-21 11:53:05 --> Session: Class initialized using 'CodeIgniter\Session\Handlers\FileHandler' driver.
ERROR - 2026-04-21 11:53:05 --> mysqli_sql_exception: Table 'campusvoice.social_post_shares' doesn't exist in C:\xamppp\htdocs\campusvoice\system\Database\MySQLi\Connection.php:306
Stack trace:
#0 C:\xamppp\htdocs\campusvoice\system\Database\MySQLi\Connection.php(306): mysqli->query('SELECT `post_id...', 0)
#1 C:\xamppp\htdocs\campusvoice\system\Database\BaseConnection.php(693): CodeIgniter\Database\MySQLi\Connection->execute('SELECT `post_id...')
#2 C:\xamppp\htdocs\campusvoice\system\Database\BaseConnection.php(607): CodeIgniter\Database\BaseConnection->simpleQuery('SELECT `post_id...')
#3 C:\xamppp\htdocs\campusvoice\system\Database\BaseBuilder.php(1616): CodeIgniter\Database\BaseConnection->query('SELECT `post_id...', Array, false)
#4 C:\xamppp\htdocs\campusvoice\app\Controllers\Student\PortalController.php(293): CodeIgniter\Database\BaseBuilder->get()
#5 C:\xamppp\htdocs\campusvoice\app\Controllers\Student\PortalController.php(64): App\Controllers\Student\PortalController->buildCommunityPosts(5)
#6 C:\xamppp\htdocs\campusvoice\system\CodeIgniter.php(943): App\Controllers\Student\PortalController->index()
#7 C:\xamppp\htdocs\campusvoice\system\CodeIgniter.php(503): CodeIgniter\CodeIgniter->runController(Object(App\Controllers\Student\PortalController))
#8 C:\xamppp\htdocs\campusvoice\system\CodeIgniter.php(361): CodeIgniter\CodeIgniter->handleRequest(NULL, Object(Config\Cache), false)
#9 C:\xamppp\htdocs\campusvoice\public\index.php(79): CodeIgniter\CodeIgniter->run()
#10 {main}
CRITICAL - 2026-04-21 11:53:05 --> CodeIgniter\Database\Exceptions\DatabaseException: Table 'campusvoice.social_post_shares' doesn't exist
in SYSTEMPATH\Database\BaseConnection.php on line 647.
 1 SYSTEMPATH\Database\BaseBuilder.php(1616): CodeIgniter\Database\BaseConnection->query('SELECT `post_id`, COUNT(*) as total
FROM `social_post_shares`
WHERE `post_id` IN :post_id:
GROUP BY `post_id`', [...], false)
 2 APPPATH\Controllers\Student\PortalController.php(293): CodeIgniter\Database\BaseBuilder->get()
 3 APPPATH\Controllers\Student\PortalController.php(64): App\Controllers\Student\PortalController->buildCommunityPosts(5)
 4 SYSTEMPATH\CodeIgniter.php(943): App\Controllers\Student\PortalController->index()
 5 SYSTEMPATH\CodeIgniter.php(503): CodeIgniter\CodeIgniter->runController(Object(App\Controllers\Student\PortalController))
 6 SYSTEMPATH\CodeIgniter.php(361): CodeIgniter\CodeIgniter->handleRequest(null, Object(Config\Cache), false)
 7 FCPATH\index.php(79): CodeIgniter\CodeIgniter->run()
CRITICAL - 2026-04-21 11:53:05 --> [Caused by] CodeIgniter\Database\Exceptions\DatabaseException: Table 'campusvoice.social_post_shares' doesn't exist
in SYSTEMPATH\Database\MySQLi\Connection.php on line 311.
 1 SYSTEMPATH\Database\BaseConnection.php(693): CodeIgniter\Database\MySQLi\Connection->execute('SELECT `post_id`, COUNT(*) as total
FROM `social_post_shares`
WHERE `post_id` IN (31)
GROUP BY `post_id`')
 2 SYSTEMPATH\Database\BaseConnection.php(607): CodeIgniter\Database\BaseConnection->simpleQuery('SELECT `post_id`, COUNT(*) as total
FROM `social_post_shares`
WHERE `post_id` IN (31)
GROUP BY `post_id`')
 3 SYSTEMPATH\Database\BaseBuilder.php(1616): CodeIgniter\Database\BaseConnection->query('SELECT `post_id`, COUNT(*) as total
FROM `social_post_shares`
WHERE `post_id` IN :post_id:
GROUP BY `post_id`', [...], false)
 4 APPPATH\Controllers\Student\PortalController.php(293): CodeIgniter\Database\BaseBuilder->get()
 5 APPPATH\Controllers\Student\PortalController.php(64): App\Controllers\Student\PortalController->buildCommunityPosts(5)
 6 SYSTEMPATH\CodeIgniter.php(943): App\Controllers\Student\PortalController->index()
 7 SYSTEMPATH\CodeIgniter.php(503): CodeIgniter\CodeIgniter->runController(Object(App\Controllers\Student\PortalController))
 8 SYSTEMPATH\CodeIgniter.php(361): CodeIgniter\CodeIgniter->handleRequest(null, Object(Config\Cache), false)
 9 FCPATH\index.php(79): CodeIgniter\CodeIgniter->run()
CRITICAL - 2026-04-21 11:53:05 --> [Caused by] mysqli_sql_exception: Table 'campusvoice.social_post_shares' doesn't exist
in SYSTEMPATH\Database\MySQLi\Connection.php on line 306.
 1 SYSTEMPATH\Database\MySQLi\Connection.php(306): mysqli->query('SELECT `post_id`, COUNT(*) as total
FROM `social_post_shares`
WHERE `post_id` IN (31)
GROUP BY `post_id`', 0)
 2 SYSTEMPATH\Database\BaseConnection.php(693): CodeIgniter\Database\MySQLi\Connection->execute('SELECT `post_id`, COUNT(*) as total
FROM `social_post_shares`
WHERE `post_id` IN (31)
GROUP BY `post_id`')
 3 SYSTEMPATH\Database\BaseConnection.php(607): CodeIgniter\Database\BaseConnection->simpleQuery('SELECT `post_id`, COUNT(*) as total
FROM `social_post_shares`
WHERE `post_id` IN (31)
GROUP BY `post_id`')
 4 SYSTEMPATH\Database\BaseBuilder.php(1616): CodeIgniter\Database\BaseConnection->query('SELECT `post_id`, COUNT(*) as total
FROM `social_post_shares`
WHERE `post_id` IN :post_id:
GROUP BY `post_id`', [...], false)
 5 APPPATH\Controllers\Student\PortalController.php(293): CodeIgniter\Database\BaseBuilder->get()
 6 APPPATH\Controllers\Student\PortalController.php(64): App\Controllers\Student\PortalController->buildCommunityPosts(5)
 7 SYSTEMPATH\CodeIgniter.php(943): App\Controllers\Student\PortalController->index()
 8 SYSTEMPATH\CodeIgniter.php(503): CodeIgniter\CodeIgniter->runController(Object(App\Controllers\Student\PortalController))
 9 SYSTEMPATH\CodeIgniter.php(361): CodeIgniter\CodeIgniter->handleRequest(null, Object(Config\Cache), false)
10 FCPATH\index.php(79): CodeIgniter\CodeIgniter->run()
INFO - 2026-04-21 11:53:08 --> Session: Class initialized using 'CodeIgniter\Session\Handlers\FileHandler' driver.
INFO - 2026-04-21 11:53:08 --> Session: Class initialized using 'CodeIgniter\Session\Handlers\FileHandler' driver.
ERROR - 2026-04-21 11:53:09 --> mysqli_sql_exception: Table 'campusvoice.social_post_shares' doesn't exist in C:\xamppp\htdocs\campusvoice\system\Database\MySQLi\Connection.php:306
Stack trace:
#0 C:\xamppp\htdocs\campusvoice\system\Database\MySQLi\Connection.php(306): mysqli->query('SELECT `post_id...', 0)
#1 C:\xamppp\htdocs\campusvoice\system\Database\BaseConnection.php(693): CodeIgniter\Database\MySQLi\Connection->execute('SELECT `post_id...')
#2 C:\xamppp\htdocs\campusvoice\system\Database\BaseConnection.php(607): CodeIgniter\Database\BaseConnection->simpleQuery('SELECT `post_id...')
#3 C:\xamppp\htdocs\campusvoice\system\Database\BaseBuilder.php(1616): CodeIgniter\Database\BaseConnection->query('SELECT `post_id...', Array, false)
#4 C:\xamppp\htdocs\campusvoice\app\Controllers\Student\PortalController.php(293): CodeIgniter\Database\BaseBuilder->get()
#5 C:\xamppp\htdocs\campusvoice\app\Controllers\Student\PortalController.php(64): App\Controllers\Student\PortalController->buildCommunityPosts(5)
#6 C:\xamppp\htdocs\campusvoice\system\CodeIgniter.php(943): App\Controllers\Student\PortalController->index()
#7 C:\xamppp\htdocs\campusvoice\system\CodeIgniter.php(503): CodeIgniter\CodeIgniter->runController(Object(App\Controllers\Student\PortalController))
#8 C:\xamppp\htdocs\campusvoice\system\CodeIgniter.php(361): CodeIgniter\CodeIgniter->handleRequest(NULL, Object(Config\Cache), false)
#9 C:\xamppp\htdocs\campusvoice\public\index.php(79): CodeIgniter\CodeIgniter->run()
#10 {main}
CRITICAL - 2026-04-21 11:53:09 --> CodeIgniter\Database\Exceptions\DatabaseException: Table 'campusvoice.social_post_shares' doesn't exist
in SYSTEMPATH\Database\BaseConnection.php on line 647.
 1 SYSTEMPATH\Database\BaseBuilder.php(1616): CodeIgniter\Database\BaseConnection->query('SELECT `post_id`, COUNT(*) as total
FROM `social_post_shares`
WHERE `post_id` IN :post_id:
GROUP BY `post_id`', [...], false)
 2 APPPATH\Controllers\Student\PortalController.php(293): CodeIgniter\Database\BaseBuilder->get()
 3 APPPATH\Controllers\Student\PortalController.php(64): App\Controllers\Student\PortalController->buildCommunityPosts(5)
 4 SYSTEMPATH\CodeIgniter.php(943): App\Controllers\Student\PortalController->index()
 5 SYSTEMPATH\CodeIgniter.php(503): CodeIgniter\CodeIgniter->runController(Object(App\Controllers\Student\PortalController))
 6 SYSTEMPATH\CodeIgniter.php(361): CodeIgniter\CodeIgniter->handleRequest(null, Object(Config\Cache), false)
 7 FCPATH\index.php(79): CodeIgniter\CodeIgniter->run()
CRITICAL - 2026-04-21 11:53:09 --> [Caused by] CodeIgniter\Database\Exceptions\DatabaseException: Table 'campusvoice.social_post_shares' doesn't exist
in SYSTEMPATH\Database\MySQLi\Connection.php on line 311.
 1 SYSTEMPATH\Database\BaseConnection.php(693): CodeIgniter\Database\MySQLi\Connection->execute('SELECT `post_id`, COUNT(*) as total
FROM `social_post_shares`
WHERE `post_id` IN (31)
GROUP BY `post_id`')
 2 SYSTEMPATH\Database\BaseConnection.php(607): CodeIgniter\Database\BaseConnection->simpleQuery('SELECT `post_id`, COUNT(*) as total
FROM `social_post_shares`
WHERE `post_id` IN (31)
GROUP BY `post_id`')
 3 SYSTEMPATH\Database\BaseBuilder.php(1616): CodeIgniter\Database\BaseConnection->query('SELECT `post_id`, COUNT(*) as total
FROM `social_post_shares`
WHERE `post_id` IN :post_id:
GROUP BY `post_id`', [...], false)
 4 APPPATH\Controllers\Student\PortalController.php(293): CodeIgniter\Database\BaseBuilder->get()
 5 APPPATH\Controllers\Student\PortalController.php(64): App\Controllers\Student\PortalController->buildCommunityPosts(5)
 6 SYSTEMPATH\CodeIgniter.php(943): App\Controllers\Student\PortalController->index()
 7 SYSTEMPATH\CodeIgniter.php(503): CodeIgniter\CodeIgniter->runController(Object(App\Controllers\Student\PortalController))
 8 SYSTEMPATH\CodeIgniter.php(361): CodeIgniter\CodeIgniter->handleRequest(null, Object(Config\Cache), false)
 9 FCPATH\index.php(79): CodeIgniter\CodeIgniter->run()
CRITICAL - 2026-04-21 11:53:09 --> [Caused by] mysqli_sql_exception: Table 'campusvoice.social_post_shares' doesn't exist
in SYSTEMPATH\Database\MySQLi\Connection.php on line 306.
 1 SYSTEMPATH\Database\MySQLi\Connection.php(306): mysqli->query('SELECT `post_id`, COUNT(*) as total
FROM `social_post_shares`
WHERE `post_id` IN (31)
GROUP BY `post_id`', 0)
 2 SYSTEMPATH\Database\BaseConnection.php(693): CodeIgniter\Database\MySQLi\Connection->execute('SELECT `post_id`, COUNT(*) as total
FROM `social_post_shares`
WHERE `post_id` IN (31)
GROUP BY `post_id`')
 3 SYSTEMPATH\Database\BaseConnection.php(607): CodeIgniter\Database\BaseConnection->simpleQuery('SELECT `post_id`, COUNT(*) as total
FROM `social_post_shares`
WHERE `post_id` IN (31)
GROUP BY `post_id`')
 4 SYSTEMPATH\Database\BaseBuilder.php(1616): CodeIgniter\Database\BaseConnection->query('SELECT `post_id`, COUNT(*) as total
FROM `social_post_shares`
WHERE `post_id` IN :post_id:
GROUP BY `post_id`', [...], false)
 5 APPPATH\Controllers\Student\PortalController.php(293): CodeIgniter\Database\BaseBuilder->get()
 6 APPPATH\Controllers\Student\PortalController.php(64): App\Controllers\Student\PortalController->buildCommunityPosts(5)
 7 SYSTEMPATH\CodeIgniter.php(943): App\Controllers\Student\PortalController->index()
 8 SYSTEMPATH\CodeIgniter.php(503): CodeIgniter\CodeIgniter->runController(Object(App\Controllers\Student\PortalController))
 9 SYSTEMPATH\CodeIgniter.php(361): CodeIgniter\CodeIgniter->handleRequest(null, Object(Config\Cache), false)
10 FCPATH\index.php(79): CodeIgniter\CodeIgniter->run()
INFO - 2026-04-21 11:54:08 --> Session: Class initialized using 'CodeIgniter\Session\Handlers\FileHandler' driver.
ERROR - 2026-04-21 11:54:08 --> mysqli_sql_exception: Table 'campusvoice.social_post_shares' doesn't exist in C:\xamppp\htdocs\campusvoice\system\Database\MySQLi\Connection.php:306
Stack trace:
#0 C:\xamppp\htdocs\campusvoice\system\Database\MySQLi\Connection.php(306): mysqli->query('SELECT `post_id...', 0)
#1 C:\xamppp\htdocs\campusvoice\system\Database\BaseConnection.php(693): CodeIgniter\Database\MySQLi\Connection->execute('SELECT `post_id...')
#2 C:\xamppp\htdocs\campusvoice\system\Database\BaseConnection.php(607): CodeIgniter\Database\BaseConnection->simpleQuery('SELECT `post_id...')
#3 C:\xamppp\htdocs\campusvoice\system\Database\BaseBuilder.php(1616): CodeIgniter\Database\BaseConnection->query('SELECT `post_id...', Array, false)
#4 C:\xamppp\htdocs\campusvoice\app\Controllers\Student\PortalController.php(293): CodeIgniter\Database\BaseBuilder->get()
#5 C:\xamppp\htdocs\campusvoice\app\Controllers\Student\PortalController.php(64): App\Controllers\Student\PortalController->buildCommunityPosts(5)
#6 C:\xamppp\htdocs\campusvoice\system\CodeIgniter.php(943): App\Controllers\Student\PortalController->index()
#7 C:\xamppp\htdocs\campusvoice\system\CodeIgniter.php(503): CodeIgniter\CodeIgniter->runController(Object(App\Controllers\Student\PortalController))
#8 C:\xamppp\htdocs\campusvoice\system\CodeIgniter.php(361): CodeIgniter\CodeIgniter->handleRequest(NULL, Object(Config\Cache), false)
#9 C:\xamppp\htdocs\campusvoice\public\index.php(79): CodeIgniter\CodeIgniter->run()
#10 {main}
CRITICAL - 2026-04-21 11:54:08 --> CodeIgniter\Database\Exceptions\DatabaseException: Table 'campusvoice.social_post_shares' doesn't exist
in SYSTEMPATH\Database\BaseConnection.php on line 647.
 1 SYSTEMPATH\Database\BaseBuilder.php(1616): CodeIgniter\Database\BaseConnection->query('SELECT `post_id`, COUNT(*) as total
FROM `social_post_shares`
WHERE `post_id` IN :post_id:
GROUP BY `post_id`', [...], false)
 2 APPPATH\Controllers\Student\PortalController.php(293): CodeIgniter\Database\BaseBuilder->get()
 3 APPPATH\Controllers\Student\PortalController.php(64): App\Controllers\Student\PortalController->buildCommunityPosts(5)
 4 SYSTEMPATH\CodeIgniter.php(943): App\Controllers\Student\PortalController->index()
 5 SYSTEMPATH\CodeIgniter.php(503): CodeIgniter\CodeIgniter->runController(Object(App\Controllers\Student\PortalController))
 6 SYSTEMPATH\CodeIgniter.php(361): CodeIgniter\CodeIgniter->handleRequest(null, Object(Config\Cache), false)
 7 FCPATH\index.php(79): CodeIgniter\CodeIgniter->run()
CRITICAL - 2026-04-21 11:54:08 --> [Caused by] CodeIgniter\Database\Exceptions\DatabaseException: Table 'campusvoice.social_post_shares' doesn't exist
in SYSTEMPATH\Database\MySQLi\Connection.php on line 311.
 1 SYSTEMPATH\Database\BaseConnection.php(693): CodeIgniter\Database\MySQLi\Connection->execute('SELECT `post_id`, COUNT(*) as total
FROM `social_post_shares`
WHERE `post_id` IN (31)
GROUP BY `post_id`')
 2 SYSTEMPATH\Database\BaseConnection.php(607): CodeIgniter\Database\BaseConnection->simpleQuery('SELECT `post_id`, COUNT(*) as total
FROM `social_post_shares`
WHERE `post_id` IN (31)
GROUP BY `post_id`')
 3 SYSTEMPATH\Database\BaseBuilder.php(1616): CodeIgniter\Database\BaseConnection->query('SELECT `post_id`, COUNT(*) as total
FROM `social_post_shares`
WHERE `post_id` IN :post_id:
GROUP BY `post_id`', [...], false)
 4 APPPATH\Controllers\Student\PortalController.php(293): CodeIgniter\Database\BaseBuilder->get()
 5 APPPATH\Controllers\Student\PortalController.php(64): App\Controllers\Student\PortalController->buildCommunityPosts(5)
 6 SYSTEMPATH\CodeIgniter.php(943): App\Controllers\Student\PortalController->index()
 7 SYSTEMPATH\CodeIgniter.php(503): CodeIgniter\CodeIgniter->runController(Object(App\Controllers\Student\PortalController))
 8 SYSTEMPATH\CodeIgniter.php(361): CodeIgniter\CodeIgniter->handleRequest(null, Object(Config\Cache), false)
 9 FCPATH\index.php(79): CodeIgniter\CodeIgniter->run()
CRITICAL - 2026-04-21 11:54:08 --> [Caused by] mysqli_sql_exception: Table 'campusvoice.social_post_shares' doesn't exist
in SYSTEMPATH\Database\MySQLi\Connection.php on line 306.
 1 SYSTEMPATH\Database\MySQLi\Connection.php(306): mysqli->query('SELECT `post_id`, COUNT(*) as total
FROM `social_post_shares`
WHERE `post_id` IN (31)
GROUP BY `post_id`', 0)
 2 SYSTEMPATH\Database\BaseConnection.php(693): CodeIgniter\Database\MySQLi\Connection->execute('SELECT `post_id`, COUNT(*) as total
FROM `social_post_shares`
WHERE `post_id` IN (31)
GROUP BY `post_id`')
 3 SYSTEMPATH\Database\BaseConnection.php(607): CodeIgniter\Database\BaseConnection->simpleQuery('SELECT `post_id`, COUNT(*) as total
FROM `social_post_shares`
WHERE `post_id` IN (31)
GROUP BY `post_id`')
 4 SYSTEMPATH\Database\BaseBuilder.php(1616): CodeIgniter\Database\BaseConnection->query('SELECT `post_id`, COUNT(*) as total
FROM `social_post_shares`
WHERE `post_id` IN :post_id:
GROUP BY `post_id`', [...], false)
 5 APPPATH\Controllers\Student\PortalController.php(293): CodeIgniter\Database\BaseBuilder->get()
 6 APPPATH\Controllers\Student\PortalController.php(64): App\Controllers\Student\PortalController->buildCommunityPosts(5)
 7 SYSTEMPATH\CodeIgniter.php(943): App\Controllers\Student\PortalController->index()
 8 SYSTEMPATH\CodeIgniter.php(503): CodeIgniter\CodeIgniter->runController(Object(App\Controllers\Student\PortalController))
 9 SYSTEMPATH\CodeIgniter.php(361): CodeIgniter\CodeIgniter->handleRequest(null, Object(Config\Cache), false)
10 FCPATH\index.php(79): CodeIgniter\CodeIgniter->run()
INFO - 2026-04-21 11:54:29 --> Session: Class initialized using 'CodeIgniter\Session\Handlers\FileHandler' driver.
ERROR - 2026-04-21 11:54:29 --> mysqli_sql_exception: Table 'campusvoice.social_post_shares' doesn't exist in C:\xamppp\htdocs\campusvoice\system\Database\MySQLi\Connection.php:306
Stack trace:
#0 C:\xamppp\htdocs\campusvoice\system\Database\MySQLi\Connection.php(306): mysqli->query('SELECT `post_id...', 0)
#1 C:\xamppp\htdocs\campusvoice\system\Database\BaseConnection.php(693): CodeIgniter\Database\MySQLi\Connection->execute('SELECT `post_id...')
#2 C:\xamppp\htdocs\campusvoice\system\Database\BaseConnection.php(607): CodeIgniter\Database\BaseConnection->simpleQuery('SELECT `post_id...')
#3 C:\xamppp\htdocs\campusvoice\system\Database\BaseBuilder.php(1616): CodeIgniter\Database\BaseConnection->query('SELECT `post_id...', Array, false)
#4 C:\xamppp\htdocs\campusvoice\app\Controllers\Student\PortalController.php(293): CodeIgniter\Database\BaseBuilder->get()
#5 C:\xamppp\htdocs\campusvoice\app\Controllers\Student\PortalController.php(64): App\Controllers\Student\PortalController->buildCommunityPosts(5)
#6 C:\xamppp\htdocs\campusvoice\system\CodeIgniter.php(943): App\Controllers\Student\PortalController->index()
#7 C:\xamppp\htdocs\campusvoice\system\CodeIgniter.php(503): CodeIgniter\CodeIgniter->runController(Object(App\Controllers\Student\PortalController))
#8 C:\xamppp\htdocs\campusvoice\system\CodeIgniter.php(361): CodeIgniter\CodeIgniter->handleRequest(NULL, Object(Config\Cache), false)
#9 C:\xamppp\htdocs\campusvoice\public\index.php(79): CodeIgniter\CodeIgniter->run()
#10 {main}
CRITICAL - 2026-04-21 11:54:29 --> CodeIgniter\Database\Exceptions\DatabaseException: Table 'campusvoice.social_post_shares' doesn't exist
in SYSTEMPATH\Database\BaseConnection.php on line 647.
 1 SYSTEMPATH\Database\BaseBuilder.php(1616): CodeIgniter\Database\BaseConnection->query('SELECT `post_id`, COUNT(*) as total
FROM `social_post_shares`
WHERE `post_id` IN :post_id:
GROUP BY `post_id`', [...], false)
 2 APPPATH\Controllers\Student\PortalController.php(293): CodeIgniter\Database\BaseBuilder->get()
 3 APPPATH\Controllers\Student\PortalController.php(64): App\Controllers\Student\PortalController->buildCommunityPosts(5)
 4 SYSTEMPATH\CodeIgniter.php(943): App\Controllers\Student\PortalController->index()
 5 SYSTEMPATH\CodeIgniter.php(503): CodeIgniter\CodeIgniter->runController(Object(App\Controllers\Student\PortalController))
 6 SYSTEMPATH\CodeIgniter.php(361): CodeIgniter\CodeIgniter->handleRequest(null, Object(Config\Cache), false)
 7 FCPATH\index.php(79): CodeIgniter\CodeIgniter->run()
CRITICAL - 2026-04-21 11:54:29 --> [Caused by] CodeIgniter\Database\Exceptions\DatabaseException: Table 'campusvoice.social_post_shares' doesn't exist
in SYSTEMPATH\Database\MySQLi\Connection.php on line 311.
 1 SYSTEMPATH\Database\BaseConnection.php(693): CodeIgniter\Database\MySQLi\Connection->execute('SELECT `post_id`, COUNT(*) as total
FROM `social_post_shares`
WHERE `post_id` IN (31)
GROUP BY `post_id`')
 2 SYSTEMPATH\Database\BaseConnection.php(607): CodeIgniter\Database\BaseConnection->simpleQuery('SELECT `post_id`, COUNT(*) as total
FROM `social_post_shares`
WHERE `post_id` IN (31)
GROUP BY `post_id`')
 3 SYSTEMPATH\Database\BaseBuilder.php(1616): CodeIgniter\Database\BaseConnection->query('SELECT `post_id`, COUNT(*) as total
FROM `social_post_shares`
WHERE `post_id` IN :post_id:
GROUP BY `post_id`', [...], false)
 4 APPPATH\Controllers\Student\PortalController.php(293): CodeIgniter\Database\BaseBuilder->get()
 5 APPPATH\Controllers\Student\PortalController.php(64): App\Controllers\Student\PortalController->buildCommunityPosts(5)
 6 SYSTEMPATH\CodeIgniter.php(943): App\Controllers\Student\PortalController->index()
 7 SYSTEMPATH\CodeIgniter.php(503): CodeIgniter\CodeIgniter->runController(Object(App\Controllers\Student\PortalController))
 8 SYSTEMPATH\CodeIgniter.php(361): CodeIgniter\CodeIgniter->handleRequest(null, Object(Config\Cache), false)
 9 FCPATH\index.php(79): CodeIgniter\CodeIgniter->run()
CRITICAL - 2026-04-21 11:54:29 --> [Caused by] mysqli_sql_exception: Table 'campusvoice.social_post_shares' doesn't exist
in SYSTEMPATH\Database\MySQLi\Connection.php on line 306.
 1 SYSTEMPATH\Database\MySQLi\Connection.php(306): mysqli->query('SELECT `post_id`, COUNT(*) as total
FROM `social_post_shares`
WHERE `post_id` IN (31)
GROUP BY `post_id`', 0)
 2 SYSTEMPATH\Database\BaseConnection.php(693): CodeIgniter\Database\MySQLi\Connection->execute('SELECT `post_id`, COUNT(*) as total
FROM `social_post_shares`
WHERE `post_id` IN (31)
GROUP BY `post_id`')
 3 SYSTEMPATH\Database\BaseConnection.php(607): CodeIgniter\Database\BaseConnection->simpleQuery('SELECT `post_id`, COUNT(*) as total
FROM `social_post_shares`
WHERE `post_id` IN (31)
GROUP BY `post_id`')
 4 SYSTEMPATH\Database\BaseBuilder.php(1616): CodeIgniter\Database\BaseConnection->query('SELECT `post_id`, COUNT(*) as total
FROM `social_post_shares`
WHERE `post_id` IN :post_id:
GROUP BY `post_id`', [...], false)
 5 APPPATH\Controllers\Student\PortalController.php(293): CodeIgniter\Database\BaseBuilder->get()
 6 APPPATH\Controllers\Student\PortalController.php(64): App\Controllers\Student\PortalController->buildCommunityPosts(5)
 7 SYSTEMPATH\CodeIgniter.php(943): App\Controllers\Student\PortalController->index()
 8 SYSTEMPATH\CodeIgniter.php(503): CodeIgniter\CodeIgniter->runController(Object(App\Controllers\Student\PortalController))
 9 SYSTEMPATH\CodeIgniter.php(361): CodeIgniter\CodeIgniter->handleRequest(null, Object(Config\Cache), false)
10 FCPATH\index.php(79): CodeIgniter\CodeIgniter->run()
INFO - 2026-04-21 11:54:32 --> Session: Class initialized using 'CodeIgniter\Session\Handlers\FileHandler' driver.
INFO - 2026-04-21 11:54:41 --> Session: Class initialized using 'CodeIgniter\Session\Handlers\FileHandler' driver.
ERROR - 2026-04-21 11:54:41 --> mysqli_sql_exception: Table 'campusvoice.social_post_shares' doesn't exist in C:\xamppp\htdocs\campusvoice\system\Database\MySQLi\Connection.php:306
Stack trace:
#0 C:\xamppp\htdocs\campusvoice\system\Database\MySQLi\Connection.php(306): mysqli->query('SELECT `post_id...', 0)
#1 C:\xamppp\htdocs\campusvoice\system\Database\BaseConnection.php(693): CodeIgniter\Database\MySQLi\Connection->execute('SELECT `post_id...')
#2 C:\xamppp\htdocs\campusvoice\system\Database\BaseConnection.php(607): CodeIgniter\Database\BaseConnection->simpleQuery('SELECT `post_id...')
#3 C:\xamppp\htdocs\campusvoice\system\Database\BaseBuilder.php(1616): CodeIgniter\Database\BaseConnection->query('SELECT `post_id...', Array, false)
#4 C:\xamppp\htdocs\campusvoice\app\Controllers\Student\PortalController.php(293): CodeIgniter\Database\BaseBuilder->get()
#5 C:\xamppp\htdocs\campusvoice\app\Controllers\Student\PortalController.php(64): App\Controllers\Student\PortalController->buildCommunityPosts(5)
#6 C:\xamppp\htdocs\campusvoice\system\CodeIgniter.php(943): App\Controllers\Student\PortalController->index()
#7 C:\xamppp\htdocs\campusvoice\system\CodeIgniter.php(503): CodeIgniter\CodeIgniter->runController(Object(App\Controllers\Student\PortalController))
#8 C:\xamppp\htdocs\campusvoice\system\CodeIgniter.php(361): CodeIgniter\CodeIgniter->handleRequest(NULL, Object(Config\Cache), false)
#9 C:\xamppp\htdocs\campusvoice\public\index.php(79): CodeIgniter\CodeIgniter->run()
#10 {main}
CRITICAL - 2026-04-21 11:54:41 --> CodeIgniter\Database\Exceptions\DatabaseException: Table 'campusvoice.social_post_shares' doesn't exist
in SYSTEMPATH\Database\BaseConnection.php on line 647.
 1 SYSTEMPATH\Database\BaseBuilder.php(1616): CodeIgniter\Database\BaseConnection->query('SELECT `post_id`, COUNT(*) as total
FROM `social_post_shares`
WHERE `post_id` IN :post_id:
GROUP BY `post_id`', [...], false)
 2 APPPATH\Controllers\Student\PortalController.php(293): CodeIgniter\Database\BaseBuilder->get()
 3 APPPATH\Controllers\Student\PortalController.php(64): App\Controllers\Student\PortalController->buildCommunityPosts(5)
 4 SYSTEMPATH\CodeIgniter.php(943): App\Controllers\Student\PortalController->index()
 5 SYSTEMPATH\CodeIgniter.php(503): CodeIgniter\CodeIgniter->runController(Object(App\Controllers\Student\PortalController))
 6 SYSTEMPATH\CodeIgniter.php(361): CodeIgniter\CodeIgniter->handleRequest(null, Object(Config\Cache), false)
 7 FCPATH\index.php(79): CodeIgniter\CodeIgniter->run()
CRITICAL - 2026-04-21 11:54:41 --> [Caused by] CodeIgniter\Database\Exceptions\DatabaseException: Table 'campusvoice.social_post_shares' doesn't exist
in SYSTEMPATH\Database\MySQLi\Connection.php on line 311.
 1 SYSTEMPATH\Database\BaseConnection.php(693): CodeIgniter\Database\MySQLi\Connection->execute('SELECT `post_id`, COUNT(*) as total
FROM `social_post_shares`
WHERE `post_id` IN (31)
GROUP BY `post_id`')
 2 SYSTEMPATH\Database\BaseConnection.php(607): CodeIgniter\Database\BaseConnection->simpleQuery('SELECT `post_id`, COUNT(*) as total
FROM `social_post_shares`
WHERE `post_id` IN (31)
GROUP BY `post_id`')
 3 SYSTEMPATH\Database\BaseBuilder.php(1616): CodeIgniter\Database\BaseConnection->query('SELECT `post_id`, COUNT(*) as total
FROM `social_post_shares`
WHERE `post_id` IN :post_id:
GROUP BY `post_id`', [...], false)
 4 APPPATH\Controllers\Student\PortalController.php(293): CodeIgniter\Database\BaseBuilder->get()
 5 APPPATH\Controllers\Student\PortalController.php(64): App\Controllers\Student\PortalController->buildCommunityPosts(5)
 6 SYSTEMPATH\CodeIgniter.php(943): App\Controllers\Student\PortalController->index()
 7 SYSTEMPATH\CodeIgniter.php(503): CodeIgniter\CodeIgniter->runController(Object(App\Controllers\Student\PortalController))
 8 SYSTEMPATH\CodeIgniter.php(361): CodeIgniter\CodeIgniter->handleRequest(null, Object(Config\Cache), false)
 9 FCPATH\index.php(79): CodeIgniter\CodeIgniter->run()
CRITICAL - 2026-04-21 11:54:41 --> [Caused by] mysqli_sql_exception: Table 'campusvoice.social_post_shares' doesn't exist
in SYSTEMPATH\Database\MySQLi\Connection.php on line 306.
 1 SYSTEMPATH\Database\MySQLi\Connection.php(306): mysqli->query('SELECT `post_id`, COUNT(*) as total
FROM `social_post_shares`
WHERE `post_id` IN (31)
GROUP BY `post_id`', 0)
 2 SYSTEMPATH\Database\BaseConnection.php(693): CodeIgniter\Database\MySQLi\Connection->execute('SELECT `post_id`, COUNT(*) as total
FROM `social_post_shares`
WHERE `post_id` IN (31)
GROUP BY `post_id`')
 3 SYSTEMPATH\Database\BaseConnection.php(607): CodeIgniter\Database\BaseConnection->simpleQuery('SELECT `post_id`, COUNT(*) as total
FROM `social_post_shares`
WHERE `post_id` IN (31)
GROUP BY `post_id`')
 4 SYSTEMPATH\Database\BaseBuilder.php(1616): CodeIgniter\Database\BaseConnection->query('SELECT `post_id`, COUNT(*) as total
FROM `social_post_shares`
WHERE `post_id` IN :post_id:
GROUP BY `post_id`', [...], false)
 5 APPPATH\Controllers\Student\PortalController.php(293): CodeIgniter\Database\BaseBuilder->get()
 6 APPPATH\Controllers\Student\PortalController.php(64): App\Controllers\Student\PortalController->buildCommunityPosts(5)
 7 SYSTEMPATH\CodeIgniter.php(943): App\Controllers\Student\PortalController->index()
 8 SYSTEMPATH\CodeIgniter.php(503): CodeIgniter\CodeIgniter->runController(Object(App\Controllers\Student\PortalController))
 9 SYSTEMPATH\CodeIgniter.php(361): CodeIgniter\CodeIgniter->handleRequest(null, Object(Config\Cache), false)
10 FCPATH\index.php(79): CodeIgniter\CodeIgniter->run()
INFO - 2026-04-21 11:54:42 --> Session: Class initialized using 'CodeIgniter\Session\Handlers\FileHandler' driver.
INFO - 2026-04-21 11:54:44 --> Session: Class initialized using 'CodeIgniter\Session\Handlers\FileHandler' driver.
INFO - 2026-04-21 11:54:44 --> Session: Class initialized using 'CodeIgniter\Session\Handlers\FileHandler' driver.
INFO - 2026-04-21 11:54:45 --> Session: Class initialized using 'CodeIgniter\Session\Handlers\FileHandler' driver.
INFO - 2026-04-21 11:54:48 --> Session: Class initialized using 'CodeIgniter\Session\Handlers\FileHandler' driver.
ERROR - 2026-04-21 11:54:48 --> mysqli_sql_exception: Table 'campusvoice.social_post_shares' doesn't exist in C:\xamppp\htdocs\campusvoice\system\Database\MySQLi\Connection.php:306
Stack trace:
#0 C:\xamppp\htdocs\campusvoice\system\Database\MySQLi\Connection.php(306): mysqli->query('SELECT `post_id...', 0)
#1 C:\xamppp\htdocs\campusvoice\system\Database\BaseConnection.php(693): CodeIgniter\Database\MySQLi\Connection->execute('SELECT `post_id...')
#2 C:\xamppp\htdocs\campusvoice\system\Database\BaseConnection.php(607): CodeIgniter\Database\BaseConnection->simpleQuery('SELECT `post_id...')
#3 C:\xamppp\htdocs\campusvoice\system\Database\BaseBuilder.php(1616): CodeIgniter\Database\BaseConnection->query('SELECT `post_id...', Array, false)
#4 C:\xamppp\htdocs\campusvoice\app\Controllers\Student\PortalController.php(293): CodeIgniter\Database\BaseBuilder->get()
#5 C:\xamppp\htdocs\campusvoice\app\Controllers\Student\PortalController.php(64): App\Controllers\Student\PortalController->buildCommunityPosts(5)
#6 C:\xamppp\htdocs\campusvoice\system\CodeIgniter.php(943): App\Controllers\Student\PortalController->index()
#7 C:\xamppp\htdocs\campusvoice\system\CodeIgniter.php(503): CodeIgniter\CodeIgniter->runController(Object(App\Controllers\Student\PortalController))
#8 C:\xamppp\htdocs\campusvoice\system\CodeIgniter.php(361): CodeIgniter\CodeIgniter->handleRequest(NULL, Object(Config\Cache), false)
#9 C:\xamppp\htdocs\campusvoice\public\index.php(79): CodeIgniter\CodeIgniter->run()
#10 {main}
CRITICAL - 2026-04-21 11:54:48 --> CodeIgniter\Database\Exceptions\DatabaseException: Table 'campusvoice.social_post_shares' doesn't exist
in SYSTEMPATH\Database\BaseConnection.php on line 647.
 1 SYSTEMPATH\Database\BaseBuilder.php(1616): CodeIgniter\Database\BaseConnection->query('SELECT `post_id`, COUNT(*) as total
FROM `social_post_shares`
WHERE `post_id` IN :post_id:
GROUP BY `post_id`', [...], false)
 2 APPPATH\Controllers\Student\PortalController.php(293): CodeIgniter\Database\BaseBuilder->get()
 3 APPPATH\Controllers\Student\PortalController.php(64): App\Controllers\Student\PortalController->buildCommunityPosts(5)
 4 SYSTEMPATH\CodeIgniter.php(943): App\Controllers\Student\PortalController->index()
 5 SYSTEMPATH\CodeIgniter.php(503): CodeIgniter\CodeIgniter->runController(Object(App\Controllers\Student\PortalController))
 6 SYSTEMPATH\CodeIgniter.php(361): CodeIgniter\CodeIgniter->handleRequest(null, Object(Config\Cache), false)
 7 FCPATH\index.php(79): CodeIgniter\CodeIgniter->run()
CRITICAL - 2026-04-21 11:54:48 --> [Caused by] CodeIgniter\Database\Exceptions\DatabaseException: Table 'campusvoice.social_post_shares' doesn't exist
in SYSTEMPATH\Database\MySQLi\Connection.php on line 311.
 1 SYSTEMPATH\Database\BaseConnection.php(693): CodeIgniter\Database\MySQLi\Connection->execute('SELECT `post_id`, COUNT(*) as total
FROM `social_post_shares`
WHERE `post_id` IN (31)
GROUP BY `post_id`')
 2 SYSTEMPATH\Database\BaseConnection.php(607): CodeIgniter\Database\BaseConnection->simpleQuery('SELECT `post_id`, COUNT(*) as total
FROM `social_post_shares`
WHERE `post_id` IN (31)
GROUP BY `post_id`')
 3 SYSTEMPATH\Database\BaseBuilder.php(1616): CodeIgniter\Database\BaseConnection->query('SELECT `post_id`, COUNT(*) as total
FROM `social_post_shares`
WHERE `post_id` IN :post_id:
GROUP BY `post_id`', [...], false)
 4 APPPATH\Controllers\Student\PortalController.php(293): CodeIgniter\Database\BaseBuilder->get()
 5 APPPATH\Controllers\Student\PortalController.php(64): App\Controllers\Student\PortalController->buildCommunityPosts(5)
 6 SYSTEMPATH\CodeIgniter.php(943): App\Controllers\Student\PortalController->index()
 7 SYSTEMPATH\CodeIgniter.php(503): CodeIgniter\CodeIgniter->runController(Object(App\Controllers\Student\PortalController))
 8 SYSTEMPATH\CodeIgniter.php(361): CodeIgniter\CodeIgniter->handleRequest(null, Object(Config\Cache), false)
 9 FCPATH\index.php(79): CodeIgniter\CodeIgniter->run()
CRITICAL - 2026-04-21 11:54:48 --> [Caused by] mysqli_sql_exception: Table 'campusvoice.social_post_shares' doesn't exist
in SYSTEMPATH\Database\MySQLi\Connection.php on line 306.
 1 SYSTEMPATH\Database\MySQLi\Connection.php(306): mysqli->query('SELECT `post_id`, COUNT(*) as total
FROM `social_post_shares`
WHERE `post_id` IN (31)
GROUP BY `post_id`', 0)
 2 SYSTEMPATH\Database\BaseConnection.php(693): CodeIgniter\Database\MySQLi\Connection->execute('SELECT `post_id`, COUNT(*) as total
FROM `social_post_shares`
WHERE `post_id` IN (31)
GROUP BY `post_id`')
 3 SYSTEMPATH\Database\BaseConnection.php(607): CodeIgniter\Database\BaseConnection->simpleQuery('SELECT `post_id`, COUNT(*) as total
FROM `social_post_shares`
WHERE `post_id` IN (31)
GROUP BY `post_id`')
 4 SYSTEMPATH\Database\BaseBuilder.php(1616): CodeIgniter\Database\BaseConnection->query('SELECT `post_id`, COUNT(*) as total
FROM `social_post_shares`
WHERE `post_id` IN :post_id:
GROUP BY `post_id`', [...], false)
 5 APPPATH\Controllers\Student\PortalController.php(293): CodeIgniter\Database\BaseBuilder->get()
 6 APPPATH\Controllers\Student\PortalController.php(64): App\Controllers\Student\PortalController->buildCommunityPosts(5)
 7 SYSTEMPATH\CodeIgniter.php(943): App\Controllers\Student\PortalController->index()
 8 SYSTEMPATH\CodeIgniter.php(503): CodeIgniter\CodeIgniter->runController(Object(App\Controllers\Student\PortalController))
 9 SYSTEMPATH\CodeIgniter.php(361): CodeIgniter\CodeIgniter->handleRequest(null, Object(Config\Cache), false)
10 FCPATH\index.php(79): CodeIgniter\CodeIgniter->run()
INFO - 2026-04-21 11:55:13 --> Session: Class initialized using 'CodeIgniter\Session\Handlers\FileHandler' driver.
ERROR - 2026-04-21 11:55:13 --> mysqli_sql_exception: Table 'campusvoice.social_post_shares' doesn't exist in C:\xamppp\htdocs\campusvoice\system\Database\MySQLi\Connection.php:306
Stack trace:
#0 C:\xamppp\htdocs\campusvoice\system\Database\MySQLi\Connection.php(306): mysqli->query('SELECT `post_id...', 0)
#1 C:\xamppp\htdocs\campusvoice\system\Database\BaseConnection.php(693): CodeIgniter\Database\MySQLi\Connection->execute('SELECT `post_id...')
#2 C:\xamppp\htdocs\campusvoice\system\Database\BaseConnection.php(607): CodeIgniter\Database\BaseConnection->simpleQuery('SELECT `post_id...')
#3 C:\xamppp\htdocs\campusvoice\system\Database\BaseBuilder.php(1616): CodeIgniter\Database\BaseConnection->query('SELECT `post_id...', Array, false)
#4 C:\xamppp\htdocs\campusvoice\app\Controllers\Student\PortalController.php(293): CodeIgniter\Database\BaseBuilder->get()
#5 C:\xamppp\htdocs\campusvoice\app\Controllers\Student\PortalController.php(64): App\Controllers\Student\PortalController->buildCommunityPosts(5)
#6 C:\xamppp\htdocs\campusvoice\system\CodeIgniter.php(943): App\Controllers\Student\PortalController->index()
#7 C:\xamppp\htdocs\campusvoice\system\CodeIgniter.php(503): CodeIgniter\CodeIgniter->runController(Object(App\Controllers\Student\PortalController))
#8 C:\xamppp\htdocs\campusvoice\system\CodeIgniter.php(361): CodeIgniter\CodeIgniter->handleRequest(NULL, Object(Config\Cache), false)
#9 C:\xamppp\htdocs\campusvoice\public\index.php(79): CodeIgniter\CodeIgniter->run()
#10 {main}
CRITICAL - 2026-04-21 11:55:13 --> CodeIgniter\Database\Exceptions\DatabaseException: Table 'campusvoice.social_post_shares' doesn't exist
in SYSTEMPATH\Database\BaseConnection.php on line 647.
 1 SYSTEMPATH\Database\BaseBuilder.php(1616): CodeIgniter\Database\BaseConnection->query('SELECT `post_id`, COUNT(*) as total
FROM `social_post_shares`
WHERE `post_id` IN :post_id:
GROUP BY `post_id`', [...], false)
 2 APPPATH\Controllers\Student\PortalController.php(293): CodeIgniter\Database\BaseBuilder->get()
 3 APPPATH\Controllers\Student\PortalController.php(64): App\Controllers\Student\PortalController->buildCommunityPosts(5)
 4 SYSTEMPATH\CodeIgniter.php(943): App\Controllers\Student\PortalController->index()
 5 SYSTEMPATH\CodeIgniter.php(503): CodeIgniter\CodeIgniter->runController(Object(App\Controllers\Student\PortalController))
 6 SYSTEMPATH\CodeIgniter.php(361): CodeIgniter\CodeIgniter->handleRequest(null, Object(Config\Cache), false)
 7 FCPATH\index.php(79): CodeIgniter\CodeIgniter->run()
CRITICAL - 2026-04-21 11:55:13 --> [Caused by] CodeIgniter\Database\Exceptions\DatabaseException: Table 'campusvoice.social_post_shares' doesn't exist
in SYSTEMPATH\Database\MySQLi\Connection.php on line 311.
 1 SYSTEMPATH\Database\BaseConnection.php(693): CodeIgniter\Database\MySQLi\Connection->execute('SELECT `post_id`, COUNT(*) as total
FROM `social_post_shares`
WHERE `post_id` IN (31)
GROUP BY `post_id`')
 2 SYSTEMPATH\Database\BaseConnection.php(607): CodeIgniter\Database\BaseConnection->simpleQuery('SELECT `post_id`, COUNT(*) as total
FROM `social_post_shares`
WHERE `post_id` IN (31)
GROUP BY `post_id`')
 3 SYSTEMPATH\Database\BaseBuilder.php(1616): CodeIgniter\Database\BaseConnection->query('SELECT `post_id`, COUNT(*) as total
FROM `social_post_shares`
WHERE `post_id` IN :post_id:
GROUP BY `post_id`', [...], false)
 4 APPPATH\Controllers\Student\PortalController.php(293): CodeIgniter\Database\BaseBuilder->get()
 5 APPPATH\Controllers\Student\PortalController.php(64): App\Controllers\Student\PortalController->buildCommunityPosts(5)
 6 SYSTEMPATH\CodeIgniter.php(943): App\Controllers\Student\PortalController->index()
 7 SYSTEMPATH\CodeIgniter.php(503): CodeIgniter\CodeIgniter->runController(Object(App\Controllers\Student\PortalController))
 8 SYSTEMPATH\CodeIgniter.php(361): CodeIgniter\CodeIgniter->handleRequest(null, Object(Config\Cache), false)
 9 FCPATH\index.php(79): CodeIgniter\CodeIgniter->run()
CRITICAL - 2026-04-21 11:55:13 --> [Caused by] mysqli_sql_exception: Table 'campusvoice.social_post_shares' doesn't exist
in SYSTEMPATH\Database\MySQLi\Connection.php on line 306.
 1 SYSTEMPATH\Database\MySQLi\Connection.php(306): mysqli->query('SELECT `post_id`, COUNT(*) as total
FROM `social_post_shares`
WHERE `post_id` IN (31)
GROUP BY `post_id`', 0)
 2 SYSTEMPATH\Database\BaseConnection.php(693): CodeIgniter\Database\MySQLi\Connection->execute('SELECT `post_id`, COUNT(*) as total
FROM `social_post_shares`
WHERE `post_id` IN (31)
GROUP BY `post_id`')
 3 SYSTEMPATH\Database\BaseConnection.php(607): CodeIgniter\Database\BaseConnection->simpleQuery('SELECT `post_id`, COUNT(*) as total
FROM `social_post_shares`
WHERE `post_id` IN (31)
GROUP BY `post_id`')
 4 SYSTEMPATH\Database\BaseBuilder.php(1616): CodeIgniter\Database\BaseConnection->query('SELECT `post_id`, COUNT(*) as total
FROM `social_post_shares`
WHERE `post_id` IN :post_id:
GROUP BY `post_id`', [...], false)
 5 APPPATH\Controllers\Student\PortalController.php(293): CodeIgniter\Database\BaseBuilder->get()
 6 APPPATH\Controllers\Student\PortalController.php(64): App\Controllers\Student\PortalController->buildCommunityPosts(5)
 7 SYSTEMPATH\CodeIgniter.php(943): App\Controllers\Student\PortalController->index()
 8 SYSTEMPATH\CodeIgniter.php(503): CodeIgniter\CodeIgniter->runController(Object(App\Controllers\Student\PortalController))
 9 SYSTEMPATH\CodeIgniter.php(361): CodeIgniter\CodeIgniter->handleRequest(null, Object(Config\Cache), false)
10 FCPATH\index.php(79): CodeIgniter\CodeIgniter->run()
INFO - 2026-04-21 11:55:15 --> Session: Class initialized using 'CodeIgniter\Session\Handlers\FileHandler' driver.
INFO - 2026-04-21 11:55:16 --> Session: Class initialized using 'CodeIgniter\Session\Handlers\FileHandler' driver.
INFO - 2026-04-21 11:55:30 --> Session: Class initialized using 'CodeIgniter\Session\Handlers\FileHandler' driver.
INFO - 2026-04-21 11:55:30 --> Session: Class initialized using 'CodeIgniter\Session\Handlers\FileHandler' driver.
ERROR - 2026-04-21 11:55:31 --> mysqli_sql_exception: Table 'campusvoice.social_post_shares' doesn't exist in C:\xamppp\htdocs\campusvoice\system\Database\MySQLi\Connection.php:306
Stack trace:
#0 C:\xamppp\htdocs\campusvoice\system\Database\MySQLi\Connection.php(306): mysqli->query('SELECT `post_id...', 0)
#1 C:\xamppp\htdocs\campusvoice\system\Database\BaseConnection.php(693): CodeIgniter\Database\MySQLi\Connection->execute('SELECT `post_id...')
#2 C:\xamppp\htdocs\campusvoice\system\Database\BaseConnection.php(607): CodeIgniter\Database\BaseConnection->simpleQuery('SELECT `post_id...')
#3 C:\xamppp\htdocs\campusvoice\system\Database\BaseBuilder.php(1616): CodeIgniter\Database\BaseConnection->query('SELECT `post_id...', Array, false)
#4 C:\xamppp\htdocs\campusvoice\app\Controllers\Student\PortalController.php(293): CodeIgniter\Database\BaseBuilder->get()
#5 C:\xamppp\htdocs\campusvoice\app\Controllers\Student\PortalController.php(64): App\Controllers\Student\PortalController->buildCommunityPosts(5)
#6 C:\xamppp\htdocs\campusvoice\system\CodeIgniter.php(943): App\Controllers\Student\PortalController->index()
#7 C:\xamppp\htdocs\campusvoice\system\CodeIgniter.php(503): CodeIgniter\CodeIgniter->runController(Object(App\Controllers\Student\PortalController))
#8 C:\xamppp\htdocs\campusvoice\system\CodeIgniter.php(361): CodeIgniter\CodeIgniter->handleRequest(NULL, Object(Config\Cache), false)
#9 C:\xamppp\htdocs\campusvoice\public\index.php(79): CodeIgniter\CodeIgniter->run()
#10 {main}
CRITICAL - 2026-04-21 11:55:31 --> CodeIgniter\Database\Exceptions\DatabaseException: Table 'campusvoice.social_post_shares' doesn't exist
in SYSTEMPATH\Database\BaseConnection.php on line 647.
 1 SYSTEMPATH\Database\BaseBuilder.php(1616): CodeIgniter\Database\BaseConnection->query('SELECT `post_id`, COUNT(*) as total
FROM `social_post_shares`
WHERE `post_id` IN :post_id:
GROUP BY `post_id`', [...], false)
 2 APPPATH\Controllers\Student\PortalController.php(293): CodeIgniter\Database\BaseBuilder->get()
 3 APPPATH\Controllers\Student\PortalController.php(64): App\Controllers\Student\PortalController->buildCommunityPosts(5)
 4 SYSTEMPATH\CodeIgniter.php(943): App\Controllers\Student\PortalController->index()
 5 SYSTEMPATH\CodeIgniter.php(503): CodeIgniter\CodeIgniter->runController(Object(App\Controllers\Student\PortalController))
 6 SYSTEMPATH\CodeIgniter.php(361): CodeIgniter\CodeIgniter->handleRequest(null, Object(Config\Cache), false)
 7 FCPATH\index.php(79): CodeIgniter\CodeIgniter->run()
CRITICAL - 2026-04-21 11:55:31 --> [Caused by] CodeIgniter\Database\Exceptions\DatabaseException: Table 'campusvoice.social_post_shares' doesn't exist
in SYSTEMPATH\Database\MySQLi\Connection.php on line 311.
 1 SYSTEMPATH\Database\BaseConnection.php(693): CodeIgniter\Database\MySQLi\Connection->execute('SELECT `post_id`, COUNT(*) as total
FROM `social_post_shares`
WHERE `post_id` IN (31)
GROUP BY `post_id`')
 2 SYSTEMPATH\Database\BaseConnection.php(607): CodeIgniter\Database\BaseConnection->simpleQuery('SELECT `post_id`, COUNT(*) as total
FROM `social_post_shares`
WHERE `post_id` IN (31)
GROUP BY `post_id`')
 3 SYSTEMPATH\Database\BaseBuilder.php(1616): CodeIgniter\Database\BaseConnection->query('SELECT `post_id`, COUNT(*) as total
FROM `social_post_shares`
WHERE `post_id` IN :post_id:
GROUP BY `post_id`', [...], false)
 4 APPPATH\Controllers\Student\PortalController.php(293): CodeIgniter\Database\BaseBuilder->get()
 5 APPPATH\Controllers\Student\PortalController.php(64): App\Controllers\Student\PortalController->buildCommunityPosts(5)
 6 SYSTEMPATH\CodeIgniter.php(943): App\Controllers\Student\PortalController->index()
 7 SYSTEMPATH\CodeIgniter.php(503): CodeIgniter\CodeIgniter->runController(Object(App\Controllers\Student\PortalController))
 8 SYSTEMPATH\CodeIgniter.php(361): CodeIgniter\CodeIgniter->handleRequest(null, Object(Config\Cache), false)
 9 FCPATH\index.php(79): CodeIgniter\CodeIgniter->run()
CRITICAL - 2026-04-21 11:55:31 --> [Caused by] mysqli_sql_exception: Table 'campusvoice.social_post_shares' doesn't exist
in SYSTEMPATH\Database\MySQLi\Connection.php on line 306.
 1 SYSTEMPATH\Database\MySQLi\Connection.php(306): mysqli->query('SELECT `post_id`, COUNT(*) as total
FROM `social_post_shares`
WHERE `post_id` IN (31)
GROUP BY `post_id`', 0)
 2 SYSTEMPATH\Database\BaseConnection.php(693): CodeIgniter\Database\MySQLi\Connection->execute('SELECT `post_id`, COUNT(*) as total
FROM `social_post_shares`
WHERE `post_id` IN (31)
GROUP BY `post_id`')
 3 SYSTEMPATH\Database\BaseConnection.php(607): CodeIgniter\Database\BaseConnection->simpleQuery('SELECT `post_id`, COUNT(*) as total
FROM `social_post_shares`
WHERE `post_id` IN (31)
GROUP BY `post_id`')
 4 SYSTEMPATH\Database\BaseBuilder.php(1616): CodeIgniter\Database\BaseConnection->query('SELECT `post_id`, COUNT(*) as total
FROM `social_post_shares`
WHERE `post_id` IN :post_id:
GROUP BY `post_id`', [...], false)
 5 APPPATH\Controllers\Student\PortalController.php(293): CodeIgniter\Database\BaseBuilder->get()
 6 APPPATH\Controllers\Student\PortalController.php(64): App\Controllers\Student\PortalController->buildCommunityPosts(5)
 7 SYSTEMPATH\CodeIgniter.php(943): App\Controllers\Student\PortalController->index()
 8 SYSTEMPATH\CodeIgniter.php(503): CodeIgniter\CodeIgniter->runController(Object(App\Controllers\Student\PortalController))
 9 SYSTEMPATH\CodeIgniter.php(361): CodeIgniter\CodeIgniter->handleRequest(null, Object(Config\Cache), false)
10 FCPATH\index.php(79): CodeIgniter\CodeIgniter->run()
INFO - 2026-04-21 11:56:02 --> Session: Class initialized using 'CodeIgniter\Session\Handlers\FileHandler' driver.
INFO - 2026-04-21 11:56:08 --> Session: Class initialized using 'CodeIgniter\Session\Handlers\FileHandler' driver.
INFO - 2026-04-21 11:56:09 --> Session: Class initialized using 'CodeIgniter\Session\Handlers\FileHandler' driver.
INFO - 2026-04-21 11:56:10 --> Session: Class initialized using 'CodeIgniter\Session\Handlers\FileHandler' driver.
INFO - 2026-04-21 11:56:10 --> Session: Class initialized using 'CodeIgniter\Session\Handlers\FileHandler' driver.
INFO - 2026-04-21 11:56:20 --> Session: Class initialized using 'CodeIgniter\Session\Handlers\FileHandler' driver.
INFO - 2026-04-21 11:56:24 --> Session: Class initialized using 'CodeIgniter\Session\Handlers\FileHandler' driver.
INFO - 2026-04-21 11:56:27 --> Session: Class initialized using 'CodeIgniter\Session\Handlers\FileHandler' driver.
INFO - 2026-04-21 11:56:31 --> Session: Class initialized using 'CodeIgniter\Session\Handlers\FileHandler' driver.
INFO - 2026-04-21 11:56:57 --> Session: Class initialized using 'CodeIgniter\Session\Handlers\FileHandler' driver.
INFO - 2026-04-21 11:56:58 --> Session: Class initialized using 'CodeIgniter\Session\Handlers\FileHandler' driver.
INFO - 2026-04-21 11:57:00 --> Session: Class initialized using 'CodeIgniter\Session\Handlers\FileHandler' driver.
INFO - 2026-04-21 11:57:08 --> Session: Class initialized using 'CodeIgniter\Session\Handlers\FileHandler' driver.
INFO - 2026-04-21 11:57:11 --> Session: Class initialized using 'CodeIgniter\Session\Handlers\FileHandler' driver.
INFO - 2026-04-21 11:57:12 --> Session: Class initialized using 'CodeIgniter\Session\Handlers\FileHandler' driver.
INFO - 2026-04-21 11:57:15 --> Session: Class initialized using 'CodeIgniter\Session\Handlers\FileHandler' driver.
INFO - 2026-04-21 11:57:46 --> Session: Class initialized using 'CodeIgniter\Session\Handlers\FileHandler' driver.
INFO - 2026-04-21 11:57:46 --> Session: Class initialized using 'CodeIgniter\Session\Handlers\FileHandler' driver.
INFO - 2026-04-21 11:57:47 --> Session: Class initialized using 'CodeIgniter\Session\Handlers\FileHandler' driver.
INFO - 2026-04-21 11:57:51 --> Session: Class initialized using 'CodeIgniter\Session\Handlers\FileHandler' driver.
INFO - 2026-04-21 11:57:53 --> Session: Class initialized using 'CodeIgniter\Session\Handlers\FileHandler' driver.
INFO - 2026-04-21 11:57:55 --> Session: Class initialized using 'CodeIgniter\Session\Handlers\FileHandler' driver.
INFO - 2026-04-21 11:58:11 --> Session: Class initialized using 'CodeIgniter\Session\Handlers\FileHandler' driver.
INFO - 2026-04-21 11:58:12 --> Session: Class initialized using 'CodeIgniter\Session\Handlers\FileHandler' driver.
INFO - 2026-04-21 11:58:23 --> Session: Class initialized using 'CodeIgniter\Session\Handlers\FileHandler' driver.
INFO - 2026-04-21 11:58:24 --> Session: Class initialized using 'CodeIgniter\Session\Handlers\FileHandler' driver.
INFO - 2026-04-21 11:58:28 --> Session: Class initialized using 'CodeIgniter\Session\Handlers\FileHandler' driver.
INFO - 2026-04-21 11:58:38 --> Session: Class initialized using 'CodeIgniter\Session\Handlers\FileHandler' driver.
INFO - 2026-04-21 11:58:43 --> Session: Class initialized using 'CodeIgniter\Session\Handlers\FileHandler' driver.
INFO - 2026-04-21 11:58:44 --> Session: Class initialized using 'CodeIgniter\Session\Handlers\FileHandler' driver.
INFO - 2026-04-21 12:00:11 --> Session: Class initialized using 'CodeIgniter\Session\Handlers\FileHandler' driver.
INFO - 2026-04-21 12:00:19 --> Session: Class initialized using 'CodeIgniter\Session\Handlers\FileHandler' driver.
INFO - 2026-04-21 12:00:21 --> Session: Class initialized using 'CodeIgniter\Session\Handlers\FileHandler' driver.
INFO - 2026-04-21 12:00:24 --> Session: Class initialized using 'CodeIgniter\Session\Handlers\FileHandler' driver.
INFO - 2026-04-21 12:00:25 --> Session: Class initialized using 'CodeIgniter\Session\Handlers\FileHandler' driver.
INFO - 2026-04-21 12:00:26 --> Session: Class initialized using 'CodeIgniter\Session\Handlers\FileHandler' driver.
INFO - 2026-04-21 12:00:31 --> Session: Class initialized using 'CodeIgniter\Session\Handlers\FileHandler' driver.
INFO - 2026-04-21 12:00:32 --> Session: Class initialized using 'CodeIgniter\Session\Handlers\FileHandler' driver.
INFO - 2026-04-21 12:00:38 --> Session: Class initialized using 'CodeIgniter\Session\Handlers\FileHandler' driver.
INFO - 2026-04-21 12:00:40 --> Session: Class initialized using 'CodeIgniter\Session\Handlers\FileHandler' driver.
INFO - 2026-04-21 12:00:42 --> Session: Class initialized using 'CodeIgniter\Session\Handlers\FileHandler' driver.
INFO - 2026-04-21 12:00:45 --> Session: Class initialized using 'CodeIgniter\Session\Handlers\FileHandler' driver.
INFO - 2026-04-21 12:00:46 --> Session: Class initialized using 'CodeIgniter\Session\Handlers\FileHandler' driver.
INFO - 2026-04-21 12:00:48 --> Session: Class initialized using 'CodeIgniter\Session\Handlers\FileHandler' driver.
INFO - 2026-04-21 12:00:49 --> Session: Class initialized using 'CodeIgniter\Session\Handlers\FileHandler' driver.
INFO - 2026-04-21 12:02:20 --> Session: Class initialized using 'CodeIgniter\Session\Handlers\FileHandler' driver.
INFO - 2026-04-21 12:02:26 --> Session: Class initialized using 'CodeIgniter\Session\Handlers\FileHandler' driver.
INFO - 2026-04-21 12:02:28 --> Session: Class initialized using 'CodeIgniter\Session\Handlers\FileHandler' driver.
INFO - 2026-04-21 12:02:29 --> Session: Class initialized using 'CodeIgniter\Session\Handlers\FileHandler' driver.
INFO - 2026-04-21 12:02:30 --> Session: Class initialized using 'CodeIgniter\Session\Handlers\FileHandler' driver.
INFO - 2026-04-21 12:02:31 --> Session: Class initialized using 'CodeIgniter\Session\Handlers\FileHandler' driver.
INFO - 2026-04-21 12:02:32 --> Session: Class initialized using 'CodeIgniter\Session\Handlers\FileHandler' driver.
INFO - 2026-04-21 12:02:38 --> Session: Class initialized using 'CodeIgniter\Session\Handlers\FileHandler' driver.
INFO - 2026-04-21 12:02:39 --> Session: Class initialized using 'CodeIgniter\Session\Handlers\FileHandler' driver.
INFO - 2026-04-21 12:02:40 --> Session: Class initialized using 'CodeIgniter\Session\Handlers\FileHandler' driver.
INFO - 2026-04-21 12:02:44 --> Session: Class initialized using 'CodeIgniter\Session\Handlers\FileHandler' driver.
INFO - 2026-04-21 12:02:50 --> Session: Class initialized using 'CodeIgniter\Session\Handlers\FileHandler' driver.
INFO - 2026-04-21 12:02:50 --> Session: Class initialized using 'CodeIgniter\Session\Handlers\FileHandler' driver.
INFO - 2026-04-21 12:02:53 --> Session: Class initialized using 'CodeIgniter\Session\Handlers\FileHandler' driver.
INFO - 2026-04-21 12:02:53 --> Session: Class initialized using 'CodeIgniter\Session\Handlers\FileHandler' driver.
INFO - 2026-04-21 12:02:55 --> Session: Class initialized using 'CodeIgniter\Session\Handlers\FileHandler' driver.
INFO - 2026-04-21 12:04:35 --> Session: Class initialized using 'CodeIgniter\Session\Handlers\FileHandler' driver.
INFO - 2026-04-21 12:06:54 --> Session: Class initialized using 'CodeIgniter\Session\Handlers\FileHandler' driver.
INFO - 2026-04-21 12:06:56 --> Session: Class initialized using 'CodeIgniter\Session\Handlers\FileHandler' driver.
INFO - 2026-04-21 12:06:57 --> Session: Class initialized using 'CodeIgniter\Session\Handlers\FileHandler' driver.
INFO - 2026-04-21 12:06:59 --> Session: Class initialized using 'CodeIgniter\Session\Handlers\FileHandler' driver.
INFO - 2026-04-21 12:07:00 --> Session: Class initialized using 'CodeIgniter\Session\Handlers\FileHandler' driver.
INFO - 2026-04-21 12:07:02 --> Session: Class initialized using 'CodeIgniter\Session\Handlers\FileHandler' driver.
INFO - 2026-04-21 12:07:06 --> Session: Class initialized using 'CodeIgniter\Session\Handlers\FileHandler' driver.
INFO - 2026-04-21 12:07:08 --> Session: Class initialized using 'CodeIgniter\Session\Handlers\FileHandler' driver.
INFO - 2026-04-21 12:07:12 --> Session: Class initialized using 'CodeIgniter\Session\Handlers\FileHandler' driver.
INFO - 2026-04-21 12:10:11 --> Session: Class initialized using 'CodeIgniter\Session\Handlers\FileHandler' driver.
INFO - 2026-04-21 12:10:29 --> Session: Class initialized using 'CodeIgniter\Session\Handlers\FileHandler' driver.
INFO - 2026-04-21 12:10:30 --> Session: Class initialized using 'CodeIgniter\Session\Handlers\FileHandler' driver.
INFO - 2026-04-21 12:10:40 --> Session: Class initialized using 'CodeIgniter\Session\Handlers\FileHandler' driver.
INFO - 2026-04-21 12:10:40 --> Session: Class initialized using 'CodeIgniter\Session\Handlers\FileHandler' driver.
INFO - 2026-04-21 12:21:33 --> Session: Class initialized using 'CodeIgniter\Session\Handlers\FileHandler' driver.
INFO - 2026-04-21 12:21:42 --> Session: Class initialized using 'CodeIgniter\Session\Handlers\FileHandler' driver.
INFO - 2026-04-21 12:21:47 --> Session: Class initialized using 'CodeIgniter\Session\Handlers\FileHandler' driver.
INFO - 2026-04-21 12:21:48 --> Session: Class initialized using 'CodeIgniter\Session\Handlers\FileHandler' driver.
INFO - 2026-04-21 12:21:50 --> Session: Class initialized using 'CodeIgniter\Session\Handlers\FileHandler' driver.
INFO - 2026-04-21 12:31:15 --> Session: Class initialized using 'CodeIgniter\Session\Handlers\FileHandler' driver.
INFO - 2026-04-21 12:31:44 --> Session: Class initialized using 'CodeIgniter\Session\Handlers\FileHandler' driver.
INFO - 2026-04-21 12:31:44 --> Session: Class initialized using 'CodeIgniter\Session\Handlers\FileHandler' driver.
INFO - 2026-04-21 12:31:47 --> Session: Class initialized using 'CodeIgniter\Session\Handlers\FileHandler' driver.
INFO - 2026-04-21 12:31:49 --> Session: Class initialized using 'CodeIgniter\Session\Handlers\FileHandler' driver.
INFO - 2026-04-21 12:31:54 --> Session: Class initialized using 'CodeIgniter\Session\Handlers\FileHandler' driver.
INFO - 2026-04-21 12:31:58 --> Session: Class initialized using 'CodeIgniter\Session\Handlers\FileHandler' driver.
INFO - 2026-04-21 12:31:59 --> Session: Class initialized using 'CodeIgniter\Session\Handlers\FileHandler' driver.
INFO - 2026-04-21 12:32:00 --> Session: Class initialized using 'CodeIgniter\Session\Handlers\FileHandler' driver.
INFO - 2026-04-21 12:32:23 --> Session: Class initialized using 'CodeIgniter\Session\Handlers\FileHandler' driver.
INFO - 2026-04-21 12:32:25 --> Session: Class initialized using 'CodeIgniter\Session\Handlers\FileHandler' driver.
INFO - 2026-04-21 12:32:30 --> Session: Class initialized using 'CodeIgniter\Session\Handlers\FileHandler' driver.
INFO - 2026-04-21 12:32:30 --> Session: Class initialized using 'CodeIgniter\Session\Handlers\FileHandler' driver.
INFO - 2026-04-21 12:32:32 --> Session: Class initialized using 'CodeIgniter\Session\Handlers\FileHandler' driver.
INFO - 2026-04-21 12:36:02 --> Session: Class initialized using 'CodeIgniter\Session\Handlers\FileHandler' driver.
INFO - 2026-04-21 12:36:07 --> Session: Class initialized using 'CodeIgniter\Session\Handlers\FileHandler' driver.
INFO - 2026-04-21 12:36:09 --> Session: Class initialized using 'CodeIgniter\Session\Handlers\FileHandler' driver.
INFO - 2026-04-21 12:36:10 --> Session: Class initialized using 'CodeIgniter\Session\Handlers\FileHandler' driver.
INFO - 2026-04-21 12:36:10 --> Session: Class initialized using 'CodeIgniter\Session\Handlers\FileHandler' driver.
INFO - 2026-04-21 12:36:11 --> Session: Class initialized using 'CodeIgniter\Session\Handlers\FileHandler' driver.
INFO - 2026-04-21 12:36:13 --> Session: Class initialized using 'CodeIgniter\Session\Handlers\FileHandler' driver.
INFO - 2026-04-21 12:36:15 --> Session: Class initialized using 'CodeIgniter\Session\Handlers\FileHandler' driver.
INFO - 2026-04-21 12:36:17 --> Session: Class initialized using 'CodeIgniter\Session\Handlers\FileHandler' driver.
INFO - 2026-04-21 12:36:18 --> Session: Class initialized using 'CodeIgniter\Session\Handlers\FileHandler' driver.
INFO - 2026-04-21 12:36:19 --> Session: Class initialized using 'CodeIgniter\Session\Handlers\FileHandler' driver.
INFO - 2026-04-21 12:36:25 --> Session: Class initialized using 'CodeIgniter\Session\Handlers\FileHandler' driver.
INFO - 2026-04-21 12:36:28 --> Session: Class initialized using 'CodeIgniter\Session\Handlers\FileHandler' driver.
INFO - 2026-04-21 12:36:29 --> Session: Class initialized using 'CodeIgniter\Session\Handlers\FileHandler' driver.
INFO - 2026-04-21 12:36:33 --> Session: Class initialized using 'CodeIgniter\Session\Handlers\FileHandler' driver.
INFO - 2026-04-21 12:45:04 --> Session: Class initialized using 'CodeIgniter\Session\Handlers\FileHandler' driver.
INFO - 2026-04-21 12:45:07 --> Session: Class initialized using 'CodeIgniter\Session\Handlers\FileHandler' driver.
INFO - 2026-04-21 12:45:10 --> Session: Class initialized using 'CodeIgniter\Session\Handlers\FileHandler' driver.
INFO - 2026-04-21 12:45:36 --> Session: Class initialized using 'CodeIgniter\Session\Handlers\FileHandler' driver.
INFO - 2026-04-21 12:47:00 --> Session: Class initialized using 'CodeIgniter\Session\Handlers\FileHandler' driver.
INFO - 2026-04-21 12:47:03 --> Session: Class initialized using 'CodeIgniter\Session\Handlers\FileHandler' driver.
INFO - 2026-04-21 12:47:04 --> Session: Class initialized using 'CodeIgniter\Session\Handlers\FileHandler' driver.
INFO - 2026-04-21 12:47:06 --> Session: Class initialized using 'CodeIgniter\Session\Handlers\FileHandler' driver.
INFO - 2026-04-21 12:47:07 --> Session: Class initialized using 'CodeIgniter\Session\Handlers\FileHandler' driver.
INFO - 2026-04-21 12:47:08 --> Session: Class initialized using 'CodeIgniter\Session\Handlers\FileHandler' driver.
INFO - 2026-04-21 12:47:09 --> Session: Class initialized using 'CodeIgniter\Session\Handlers\FileHandler' driver.
INFO - 2026-04-21 12:47:10 --> Session: Class initialized using 'CodeIgniter\Session\Handlers\FileHandler' driver.
INFO - 2026-04-21 12:47:15 --> Session: Class initialized using 'CodeIgniter\Session\Handlers\FileHandler' driver.
INFO - 2026-04-21 12:47:15 --> Session: Class initialized using 'CodeIgniter\Session\Handlers\FileHandler' driver.
INFO - 2026-04-21 12:47:16 --> Session: Class initialized using 'CodeIgniter\Session\Handlers\FileHandler' driver.
INFO - 2026-04-21 12:47:23 --> Session: Class initialized using 'CodeIgniter\Session\Handlers\FileHandler' driver.
INFO - 2026-04-21 12:47:24 --> Session: Class initialized using 'CodeIgniter\Session\Handlers\FileHandler' driver.
INFO - 2026-04-21 12:47:26 --> Session: Class initialized using 'CodeIgniter\Session\Handlers\FileHandler' driver.
INFO - 2026-04-21 12:47:29 --> Session: Class initialized using 'CodeIgniter\Session\Handlers\FileHandler' driver.
INFO - 2026-04-21 12:47:31 --> Session: Class initialized using 'CodeIgniter\Session\Handlers\FileHandler' driver.
INFO - 2026-04-21 12:47:34 --> Session: Class initialized using 'CodeIgniter\Session\Handlers\FileHandler' driver.
INFO - 2026-04-21 12:55:40 --> Session: Class initialized using 'CodeIgniter\Session\Handlers\FileHandler' driver.
INFO - 2026-04-21 12:55:42 --> Session: Class initialized using 'CodeIgniter\Session\Handlers\FileHandler' driver.
INFO - 2026-04-21 12:55:43 --> Session: Class initialized using 'CodeIgniter\Session\Handlers\FileHandler' driver.
INFO - 2026-04-21 12:55:44 --> Session: Class initialized using 'CodeIgniter\Session\Handlers\FileHandler' driver.
INFO - 2026-04-21 12:55:50 --> Session: Class initialized using 'CodeIgniter\Session\Handlers\FileHandler' driver.
INFO - 2026-04-21 13:06:43 --> Session: Class initialized using 'CodeIgniter\Session\Handlers\FileHandler' driver.
INFO - 2026-04-21 13:06:47 --> Session: Class initialized using 'CodeIgniter\Session\Handlers\FileHandler' driver.
INFO - 2026-04-21 13:06:48 --> Session: Class initialized using 'CodeIgniter\Session\Handlers\FileHandler' driver.
INFO - 2026-04-21 13:06:50 --> Session: Class initialized using 'CodeIgniter\Session\Handlers\FileHandler' driver.
INFO - 2026-04-21 13:06:51 --> Session: Class initialized using 'CodeIgniter\Session\Handlers\FileHandler' driver.
INFO - 2026-04-21 13:06:54 --> Session: Class initialized using 'CodeIgniter\Session\Handlers\FileHandler' driver.
INFO - 2026-04-21 13:06:56 --> Session: Class initialized using 'CodeIgniter\Session\Handlers\FileHandler' driver.
INFO - 2026-04-21 13:06:59 --> Session: Class initialized using 'CodeIgniter\Session\Handlers\FileHandler' driver.
INFO - 2026-04-21 13:06:59 --> Session: Class initialized using 'CodeIgniter\Session\Handlers\FileHandler' driver.
INFO - 2026-04-21 13:07:01 --> Session: Class initialized using 'CodeIgniter\Session\Handlers\FileHandler' driver.
