INFO - 2026-04-22 08:56:28 --> Session: Class initialized using 'CodeIgniter\Session\Handlers\FileHandler' driver.
INFO - 2026-04-22 08:56:35 --> Session: Class initialized using 'CodeIgniter\Session\Handlers\FileHandler' driver.
INFO - 2026-04-22 08:56:57 --> Session: Class initialized using 'CodeIgniter\Session\Handlers\FileHandler' driver.
INFO - 2026-04-22 08:56:59 --> Session: Class initialized using 'CodeIgniter\Session\Handlers\FileHandler' driver.
INFO - 2026-04-22 08:57:06 --> Session: Class initialized using 'CodeIgniter\Session\Handlers\FileHandler' driver.
INFO - 2026-04-22 08:57:41 --> Session: Class initialized using 'CodeIgniter\Session\Handlers\FileHandler' driver.
INFO - 2026-04-22 08:58:02 --> Session: Class initialized using 'CodeIgniter\Session\Handlers\FileHandler' driver.
INFO - 2026-04-22 08:58:03 --> Session: Class initialized using 'CodeIgniter\Session\Handlers\FileHandler' driver.
INFO - 2026-04-22 08:58:04 --> Session: Class initialized using 'CodeIgniter\Session\Handlers\FileHandler' driver.
INFO - 2026-04-22 08:58:07 --> Session: Class initialized using 'CodeIgniter\Session\Handlers\FileHandler' driver.
INFO - 2026-04-22 08:58:17 --> Session: Class initialized using 'CodeIgniter\Session\Handlers\FileHandler' driver.
INFO - 2026-04-22 08:58:22 --> Session: Class initialized using 'CodeIgniter\Session\Handlers\FileHandler' driver.
INFO - 2026-04-22 08:58:22 --> Session: Class initialized using 'CodeIgniter\Session\Handlers\FileHandler' driver.
INFO - 2026-04-22 09:00:24 --> Session: Class initialized using 'CodeIgniter\Session\Handlers\FileHandler' driver.
INFO - 2026-04-22 09:03:21 --> Session: Class initialized using 'CodeIgniter\Session\Handlers\FileHandler' driver.
INFO - 2026-04-22 09:03:21 --> Session: Class initialized using 'CodeIgniter\Session\Handlers\FileHandler' driver.
INFO - 2026-04-22 09:04:34 --> Session: Class initialized using 'CodeIgniter\Session\Handlers\FileHandler' driver.
ERROR - 2026-04-22 09:04:34 --> mysqli_sql_exception: Table 'campusvoice.social_post_shares' doesn't exist in C:\xamppp\htdocs\campusvoice\system\Database\MySQLi\Connection.php:306
Stack trace:
#0 C:\xamppp\htdocs\campusvoice\system\Database\MySQLi\Connection.php(306): mysqli->query('SELECT `post_id...', 0)
#1 C:\xamppp\htdocs\campusvoice\system\Database\BaseConnection.php(693): CodeIgniter\Database\MySQLi\Connection->execute('SELECT `post_id...')
#2 C:\xamppp\htdocs\campusvoice\system\Database\BaseConnection.php(607): CodeIgniter\Database\BaseConnection->simpleQuery('SELECT `post_id...')
#3 C:\xamppp\htdocs\campusvoice\system\Database\BaseBuilder.php(1616): CodeIgniter\Database\BaseConnection->query('SELECT `post_id...', Array, false)
#4 C:\xamppp\htdocs\campusvoice\app\Controllers\Student\PortalController.php(298): CodeIgniter\Database\BaseBuilder->get()
#5 C:\xamppp\htdocs\campusvoice\app\Controllers\Student\PortalController.php(64): App\Controllers\Student\PortalController->buildCommunityPosts(5)
#6 C:\xamppp\htdocs\campusvoice\system\CodeIgniter.php(943): App\Controllers\Student\PortalController->index()
#7 C:\xamppp\htdocs\campusvoice\system\CodeIgniter.php(503): CodeIgniter\CodeIgniter->runController(Object(App\Controllers\Student\PortalController))
#8 C:\xamppp\htdocs\campusvoice\system\CodeIgniter.php(361): CodeIgniter\CodeIgniter->handleRequest(NULL, Object(Config\Cache), false)
#9 C:\xamppp\htdocs\campusvoice\public\index.php(79): CodeIgniter\CodeIgniter->run()
#10 {main}
CRITICAL - 2026-04-22 09:04:34 --> CodeIgniter\Database\Exceptions\DatabaseException: Table 'campusvoice.social_post_shares' doesn't exist
in SYSTEMPATH\Database\BaseConnection.php on line 647.
 1 SYSTEMPATH\Database\BaseBuilder.php(1616): CodeIgniter\Database\BaseConnection->query('SELECT `post_id`, COUNT(*) as total
FROM `social_post_shares`
WHERE `post_id` IN :post_id:
GROUP BY `post_id`', [...], false)
 2 APPPATH\Controllers\Student\PortalController.php(298): CodeIgniter\Database\BaseBuilder->get()
 3 APPPATH\Controllers\Student\PortalController.php(64): App\Controllers\Student\PortalController->buildCommunityPosts(5)
 4 SYSTEMPATH\CodeIgniter.php(943): App\Controllers\Student\PortalController->index()
 5 SYSTEMPATH\CodeIgniter.php(503): CodeIgniter\CodeIgniter->runController(Object(App\Controllers\Student\PortalController))
 6 SYSTEMPATH\CodeIgniter.php(361): CodeIgniter\CodeIgniter->handleRequest(null, Object(Config\Cache), false)
 7 FCPATH\index.php(79): CodeIgniter\CodeIgniter->run()
CRITICAL - 2026-04-22 09:04:34 --> [Caused by] CodeIgniter\Database\Exceptions\DatabaseException: Table 'campusvoice.social_post_shares' doesn't exist
in SYSTEMPATH\Database\MySQLi\Connection.php on line 311.
 1 SYSTEMPATH\Database\BaseConnection.php(693): CodeIgniter\Database\MySQLi\Connection->execute('SELECT `post_id`, COUNT(*) as total
FROM `social_post_shares`
WHERE `post_id` IN (34)
GROUP BY `post_id`')
 2 SYSTEMPATH\Database\BaseConnection.php(607): CodeIgniter\Database\BaseConnection->simpleQuery('SELECT `post_id`, COUNT(*) as total
FROM `social_post_shares`
WHERE `post_id` IN (34)
GROUP BY `post_id`')
 3 SYSTEMPATH\Database\BaseBuilder.php(1616): CodeIgniter\Database\BaseConnection->query('SELECT `post_id`, COUNT(*) as total
FROM `social_post_shares`
WHERE `post_id` IN :post_id:
GROUP BY `post_id`', [...], false)
 4 APPPATH\Controllers\Student\PortalController.php(298): CodeIgniter\Database\BaseBuilder->get()
 5 APPPATH\Controllers\Student\PortalController.php(64): App\Controllers\Student\PortalController->buildCommunityPosts(5)
 6 SYSTEMPATH\CodeIgniter.php(943): App\Controllers\Student\PortalController->index()
 7 SYSTEMPATH\CodeIgniter.php(503): CodeIgniter\CodeIgniter->runController(Object(App\Controllers\Student\PortalController))
 8 SYSTEMPATH\CodeIgniter.php(361): CodeIgniter\CodeIgniter->handleRequest(null, Object(Config\Cache), false)
 9 FCPATH\index.php(79): CodeIgniter\CodeIgniter->run()
CRITICAL - 2026-04-22 09:04:34 --> [Caused by] mysqli_sql_exception: Table 'campusvoice.social_post_shares' doesn't exist
in SYSTEMPATH\Database\MySQLi\Connection.php on line 306.
 1 SYSTEMPATH\Database\MySQLi\Connection.php(306): mysqli->query('SELECT `post_id`, COUNT(*) as total
FROM `social_post_shares`
WHERE `post_id` IN (34)
GROUP BY `post_id`', 0)
 2 SYSTEMPATH\Database\BaseConnection.php(693): CodeIgniter\Database\MySQLi\Connection->execute('SELECT `post_id`, COUNT(*) as total
FROM `social_post_shares`
WHERE `post_id` IN (34)
GROUP BY `post_id`')
 3 SYSTEMPATH\Database\BaseConnection.php(607): CodeIgniter\Database\BaseConnection->simpleQuery('SELECT `post_id`, COUNT(*) as total
FROM `social_post_shares`
WHERE `post_id` IN (34)
GROUP BY `post_id`')
 4 SYSTEMPATH\Database\BaseBuilder.php(1616): CodeIgniter\Database\BaseConnection->query('SELECT `post_id`, COUNT(*) as total
FROM `social_post_shares`
WHERE `post_id` IN :post_id:
GROUP BY `post_id`', [...], false)
 5 APPPATH\Controllers\Student\PortalController.php(298): CodeIgniter\Database\BaseBuilder->get()
 6 APPPATH\Controllers\Student\PortalController.php(64): App\Controllers\Student\PortalController->buildCommunityPosts(5)
 7 SYSTEMPATH\CodeIgniter.php(943): App\Controllers\Student\PortalController->index()
 8 SYSTEMPATH\CodeIgniter.php(503): CodeIgniter\CodeIgniter->runController(Object(App\Controllers\Student\PortalController))
 9 SYSTEMPATH\CodeIgniter.php(361): CodeIgniter\CodeIgniter->handleRequest(null, Object(Config\Cache), false)
10 FCPATH\index.php(79): CodeIgniter\CodeIgniter->run()
INFO - 2026-04-22 09:04:36 --> Session: Class initialized using 'CodeIgniter\Session\Handlers\FileHandler' driver.
ERROR - 2026-04-22 09:04:36 --> mysqli_sql_exception: Table 'campusvoice.social_post_shares' doesn't exist in C:\xamppp\htdocs\campusvoice\system\Database\MySQLi\Connection.php:306
Stack trace:
#0 C:\xamppp\htdocs\campusvoice\system\Database\MySQLi\Connection.php(306): mysqli->query('SELECT `post_id...', 0)
#1 C:\xamppp\htdocs\campusvoice\system\Database\BaseConnection.php(693): CodeIgniter\Database\MySQLi\Connection->execute('SELECT `post_id...')
#2 C:\xamppp\htdocs\campusvoice\system\Database\BaseConnection.php(607): CodeIgniter\Database\BaseConnection->simpleQuery('SELECT `post_id...')
#3 C:\xamppp\htdocs\campusvoice\system\Database\BaseBuilder.php(1616): CodeIgniter\Database\BaseConnection->query('SELECT `post_id...', Array, false)
#4 C:\xamppp\htdocs\campusvoice\app\Controllers\Student\PortalController.php(298): CodeIgniter\Database\BaseBuilder->get()
#5 C:\xamppp\htdocs\campusvoice\app\Controllers\Student\PortalController.php(64): App\Controllers\Student\PortalController->buildCommunityPosts(5)
#6 C:\xamppp\htdocs\campusvoice\system\CodeIgniter.php(943): App\Controllers\Student\PortalController->index()
#7 C:\xamppp\htdocs\campusvoice\system\CodeIgniter.php(503): CodeIgniter\CodeIgniter->runController(Object(App\Controllers\Student\PortalController))
#8 C:\xamppp\htdocs\campusvoice\system\CodeIgniter.php(361): CodeIgniter\CodeIgniter->handleRequest(NULL, Object(Config\Cache), false)
#9 C:\xamppp\htdocs\campusvoice\public\index.php(79): CodeIgniter\CodeIgniter->run()
#10 {main}
CRITICAL - 2026-04-22 09:04:36 --> CodeIgniter\Database\Exceptions\DatabaseException: Table 'campusvoice.social_post_shares' doesn't exist
in SYSTEMPATH\Database\BaseConnection.php on line 647.
 1 SYSTEMPATH\Database\BaseBuilder.php(1616): CodeIgniter\Database\BaseConnection->query('SELECT `post_id`, COUNT(*) as total
FROM `social_post_shares`
WHERE `post_id` IN :post_id:
GROUP BY `post_id`', [...], false)
 2 APPPATH\Controllers\Student\PortalController.php(298): CodeIgniter\Database\BaseBuilder->get()
 3 APPPATH\Controllers\Student\PortalController.php(64): App\Controllers\Student\PortalController->buildCommunityPosts(5)
 4 SYSTEMPATH\CodeIgniter.php(943): App\Controllers\Student\PortalController->index()
 5 SYSTEMPATH\CodeIgniter.php(503): CodeIgniter\CodeIgniter->runController(Object(App\Controllers\Student\PortalController))
 6 SYSTEMPATH\CodeIgniter.php(361): CodeIgniter\CodeIgniter->handleRequest(null, Object(Config\Cache), false)
 7 FCPATH\index.php(79): CodeIgniter\CodeIgniter->run()
CRITICAL - 2026-04-22 09:04:36 --> [Caused by] CodeIgniter\Database\Exceptions\DatabaseException: Table 'campusvoice.social_post_shares' doesn't exist
in SYSTEMPATH\Database\MySQLi\Connection.php on line 311.
 1 SYSTEMPATH\Database\BaseConnection.php(693): CodeIgniter\Database\MySQLi\Connection->execute('SELECT `post_id`, COUNT(*) as total
FROM `social_post_shares`
WHERE `post_id` IN (34)
GROUP BY `post_id`')
 2 SYSTEMPATH\Database\BaseConnection.php(607): CodeIgniter\Database\BaseConnection->simpleQuery('SELECT `post_id`, COUNT(*) as total
FROM `social_post_shares`
WHERE `post_id` IN (34)
GROUP BY `post_id`')
 3 SYSTEMPATH\Database\BaseBuilder.php(1616): CodeIgniter\Database\BaseConnection->query('SELECT `post_id`, COUNT(*) as total
FROM `social_post_shares`
WHERE `post_id` IN :post_id:
GROUP BY `post_id`', [...], false)
 4 APPPATH\Controllers\Student\PortalController.php(298): CodeIgniter\Database\BaseBuilder->get()
 5 APPPATH\Controllers\Student\PortalController.php(64): App\Controllers\Student\PortalController->buildCommunityPosts(5)
 6 SYSTEMPATH\CodeIgniter.php(943): App\Controllers\Student\PortalController->index()
 7 SYSTEMPATH\CodeIgniter.php(503): CodeIgniter\CodeIgniter->runController(Object(App\Controllers\Student\PortalController))
 8 SYSTEMPATH\CodeIgniter.php(361): CodeIgniter\CodeIgniter->handleRequest(null, Object(Config\Cache), false)
 9 FCPATH\index.php(79): CodeIgniter\CodeIgniter->run()
CRITICAL - 2026-04-22 09:04:36 --> [Caused by] mysqli_sql_exception: Table 'campusvoice.social_post_shares' doesn't exist
in SYSTEMPATH\Database\MySQLi\Connection.php on line 306.
 1 SYSTEMPATH\Database\MySQLi\Connection.php(306): mysqli->query('SELECT `post_id`, COUNT(*) as total
FROM `social_post_shares`
WHERE `post_id` IN (34)
GROUP BY `post_id`', 0)
 2 SYSTEMPATH\Database\BaseConnection.php(693): CodeIgniter\Database\MySQLi\Connection->execute('SELECT `post_id`, COUNT(*) as total
FROM `social_post_shares`
WHERE `post_id` IN (34)
GROUP BY `post_id`')
 3 SYSTEMPATH\Database\BaseConnection.php(607): CodeIgniter\Database\BaseConnection->simpleQuery('SELECT `post_id`, COUNT(*) as total
FROM `social_post_shares`
WHERE `post_id` IN (34)
GROUP BY `post_id`')
 4 SYSTEMPATH\Database\BaseBuilder.php(1616): CodeIgniter\Database\BaseConnection->query('SELECT `post_id`, COUNT(*) as total
FROM `social_post_shares`
WHERE `post_id` IN :post_id:
GROUP BY `post_id`', [...], false)
 5 APPPATH\Controllers\Student\PortalController.php(298): CodeIgniter\Database\BaseBuilder->get()
 6 APPPATH\Controllers\Student\PortalController.php(64): App\Controllers\Student\PortalController->buildCommunityPosts(5)
 7 SYSTEMPATH\CodeIgniter.php(943): App\Controllers\Student\PortalController->index()
 8 SYSTEMPATH\CodeIgniter.php(503): CodeIgniter\CodeIgniter->runController(Object(App\Controllers\Student\PortalController))
 9 SYSTEMPATH\CodeIgniter.php(361): CodeIgniter\CodeIgniter->handleRequest(null, Object(Config\Cache), false)
10 FCPATH\index.php(79): CodeIgniter\CodeIgniter->run()
INFO - 2026-04-22 09:05:14 --> Session: Class initialized using 'CodeIgniter\Session\Handlers\FileHandler' driver.
ERROR - 2026-04-22 09:05:14 --> mysqli_sql_exception: Table 'campusvoice.social_post_shares' doesn't exist in C:\xamppp\htdocs\campusvoice\system\Database\MySQLi\Connection.php:306
Stack trace:
#0 C:\xamppp\htdocs\campusvoice\system\Database\MySQLi\Connection.php(306): mysqli->query('SELECT `post_id...', 0)
#1 C:\xamppp\htdocs\campusvoice\system\Database\BaseConnection.php(693): CodeIgniter\Database\MySQLi\Connection->execute('SELECT `post_id...')
#2 C:\xamppp\htdocs\campusvoice\system\Database\BaseConnection.php(607): CodeIgniter\Database\BaseConnection->simpleQuery('SELECT `post_id...')
#3 C:\xamppp\htdocs\campusvoice\system\Database\BaseBuilder.php(1616): CodeIgniter\Database\BaseConnection->query('SELECT `post_id...', Array, false)
#4 C:\xamppp\htdocs\campusvoice\app\Controllers\Student\PortalController.php(298): CodeIgniter\Database\BaseBuilder->get()
#5 C:\xamppp\htdocs\campusvoice\app\Controllers\Student\PortalController.php(64): App\Controllers\Student\PortalController->buildCommunityPosts(5)
#6 C:\xamppp\htdocs\campusvoice\system\CodeIgniter.php(943): App\Controllers\Student\PortalController->index()
#7 C:\xamppp\htdocs\campusvoice\system\CodeIgniter.php(503): CodeIgniter\CodeIgniter->runController(Object(App\Controllers\Student\PortalController))
#8 C:\xamppp\htdocs\campusvoice\system\CodeIgniter.php(361): CodeIgniter\CodeIgniter->handleRequest(NULL, Object(Config\Cache), false)
#9 C:\xamppp\htdocs\campusvoice\public\index.php(79): CodeIgniter\CodeIgniter->run()
#10 {main}
CRITICAL - 2026-04-22 09:05:14 --> CodeIgniter\Database\Exceptions\DatabaseException: Table 'campusvoice.social_post_shares' doesn't exist
in SYSTEMPATH\Database\BaseConnection.php on line 647.
 1 SYSTEMPATH\Database\BaseBuilder.php(1616): CodeIgniter\Database\BaseConnection->query('SELECT `post_id`, COUNT(*) as total
FROM `social_post_shares`
WHERE `post_id` IN :post_id:
GROUP BY `post_id`', [...], false)
 2 APPPATH\Controllers\Student\PortalController.php(298): CodeIgniter\Database\BaseBuilder->get()
 3 APPPATH\Controllers\Student\PortalController.php(64): App\Controllers\Student\PortalController->buildCommunityPosts(5)
 4 SYSTEMPATH\CodeIgniter.php(943): App\Controllers\Student\PortalController->index()
 5 SYSTEMPATH\CodeIgniter.php(503): CodeIgniter\CodeIgniter->runController(Object(App\Controllers\Student\PortalController))
 6 SYSTEMPATH\CodeIgniter.php(361): CodeIgniter\CodeIgniter->handleRequest(null, Object(Config\Cache), false)
 7 FCPATH\index.php(79): CodeIgniter\CodeIgniter->run()
CRITICAL - 2026-04-22 09:05:14 --> [Caused by] CodeIgniter\Database\Exceptions\DatabaseException: Table 'campusvoice.social_post_shares' doesn't exist
in SYSTEMPATH\Database\MySQLi\Connection.php on line 311.
 1 SYSTEMPATH\Database\BaseConnection.php(693): CodeIgniter\Database\MySQLi\Connection->execute('SELECT `post_id`, COUNT(*) as total
FROM `social_post_shares`
WHERE `post_id` IN (34)
GROUP BY `post_id`')
 2 SYSTEMPATH\Database\BaseConnection.php(607): CodeIgniter\Database\BaseConnection->simpleQuery('SELECT `post_id`, COUNT(*) as total
FROM `social_post_shares`
WHERE `post_id` IN (34)
GROUP BY `post_id`')
 3 SYSTEMPATH\Database\BaseBuilder.php(1616): CodeIgniter\Database\BaseConnection->query('SELECT `post_id`, COUNT(*) as total
FROM `social_post_shares`
WHERE `post_id` IN :post_id:
GROUP BY `post_id`', [...], false)
 4 APPPATH\Controllers\Student\PortalController.php(298): CodeIgniter\Database\BaseBuilder->get()
 5 APPPATH\Controllers\Student\PortalController.php(64): App\Controllers\Student\PortalController->buildCommunityPosts(5)
 6 SYSTEMPATH\CodeIgniter.php(943): App\Controllers\Student\PortalController->index()
 7 SYSTEMPATH\CodeIgniter.php(503): CodeIgniter\CodeIgniter->runController(Object(App\Controllers\Student\PortalController))
 8 SYSTEMPATH\CodeIgniter.php(361): CodeIgniter\CodeIgniter->handleRequest(null, Object(Config\Cache), false)
 9 FCPATH\index.php(79): CodeIgniter\CodeIgniter->run()
CRITICAL - 2026-04-22 09:05:14 --> [Caused by] mysqli_sql_exception: Table 'campusvoice.social_post_shares' doesn't exist
in SYSTEMPATH\Database\MySQLi\Connection.php on line 306.
 1 SYSTEMPATH\Database\MySQLi\Connection.php(306): mysqli->query('SELECT `post_id`, COUNT(*) as total
FROM `social_post_shares`
WHERE `post_id` IN (34)
GROUP BY `post_id`', 0)
 2 SYSTEMPATH\Database\BaseConnection.php(693): CodeIgniter\Database\MySQLi\Connection->execute('SELECT `post_id`, COUNT(*) as total
FROM `social_post_shares`
WHERE `post_id` IN (34)
GROUP BY `post_id`')
 3 SYSTEMPATH\Database\BaseConnection.php(607): CodeIgniter\Database\BaseConnection->simpleQuery('SELECT `post_id`, COUNT(*) as total
FROM `social_post_shares`
WHERE `post_id` IN (34)
GROUP BY `post_id`')
 4 SYSTEMPATH\Database\BaseBuilder.php(1616): CodeIgniter\Database\BaseConnection->query('SELECT `post_id`, COUNT(*) as total
FROM `social_post_shares`
WHERE `post_id` IN :post_id:
GROUP BY `post_id`', [...], false)
 5 APPPATH\Controllers\Student\PortalController.php(298): CodeIgniter\Database\BaseBuilder->get()
 6 APPPATH\Controllers\Student\PortalController.php(64): App\Controllers\Student\PortalController->buildCommunityPosts(5)
 7 SYSTEMPATH\CodeIgniter.php(943): App\Controllers\Student\PortalController->index()
 8 SYSTEMPATH\CodeIgniter.php(503): CodeIgniter\CodeIgniter->runController(Object(App\Controllers\Student\PortalController))
 9 SYSTEMPATH\CodeIgniter.php(361): CodeIgniter\CodeIgniter->handleRequest(null, Object(Config\Cache), false)
10 FCPATH\index.php(79): CodeIgniter\CodeIgniter->run()
INFO - 2026-04-22 09:06:41 --> Session: Class initialized using 'CodeIgniter\Session\Handlers\FileHandler' driver.
INFO - 2026-04-22 09:07:25 --> Session: Class initialized using 'CodeIgniter\Session\Handlers\FileHandler' driver.
INFO - 2026-04-22 09:07:28 --> Session: Class initialized using 'CodeIgniter\Session\Handlers\FileHandler' driver.
INFO - 2026-04-22 13:57:39 --> Session: Class initialized using 'CodeIgniter\Session\Handlers\FileHandler' driver.
INFO - 2026-04-22 13:57:39 --> Session: Class initialized using 'CodeIgniter\Session\Handlers\FileHandler' driver.
INFO - 2026-04-22 13:57:39 --> Session: Class initialized using 'CodeIgniter\Session\Handlers\FileHandler' driver.
INFO - 2026-04-22 13:57:39 --> Session: Class initialized using 'CodeIgniter\Session\Handlers\FileHandler' driver.
INFO - 2026-04-22 13:57:50 --> Session: Class initialized using 'CodeIgniter\Session\Handlers\FileHandler' driver.
ERROR - 2026-04-22 13:57:54 --> Error connecting to the database: mysqli_sql_exception: No connection could be made because the target machine actively refused it in C:\xamppp\htdocs\campusvoice\system\Database\MySQLi\Connection.php:184
Stack trace:
#0 C:\xamppp\htdocs\campusvoice\system\Database\MySQLi\Connection.php(184): mysqli->real_connect('localhost', 'root', Object(SensitiveParameterValue), 'campusvoice', 3306, '', 0)
#1 C:\xamppp\htdocs\campusvoice\system\Database\BaseConnection.php(392): CodeIgniter\Database\MySQLi\Connection->connect(false)
#2 C:\xamppp\htdocs\campusvoice\system\Database\BaseConnection.php(575): CodeIgniter\Database\BaseConnection->initialize()
#3 C:\xamppp\htdocs\campusvoice\system\Database\BaseBuilder.php(1616): CodeIgniter\Database\BaseConnection->query('SELECT `users`....', Array, false)
#4 C:\xamppp\htdocs\campusvoice\system\Model.php(271): CodeIgniter\Database\BaseBuilder->get()
#5 C:\xamppp\htdocs\campusvoice\system\BaseModel.php(679): CodeIgniter\Model->doFirst()
#6 C:\xamppp\htdocs\campusvoice\app\Controllers\Student\AuthController.php(186): CodeIgniter\BaseModel->first()
#7 C:\xamppp\htdocs\campusvoice\app\Controllers\Student\AuthController.php(36): App\Controllers\Student\AuthController->handleLogin()
#8 C:\xamppp\htdocs\campusvoice\system\CodeIgniter.php(943): App\Controllers\Student\AuthController->login()
#9 C:\xamppp\htdocs\campusvoice\system\CodeIgniter.php(503): CodeIgniter\CodeIgniter->runController(Object(App\Controllers\Student\AuthController))
#10 C:\xamppp\htdocs\campusvoice\system\CodeIgniter.php(361): CodeIgniter\CodeIgniter->handleRequest(NULL, Object(Config\Cache), false)
#11 C:\xamppp\htdocs\campusvoice\public\index.php(79): CodeIgniter\CodeIgniter->run()
#12 {main}

Next CodeIgniter\Database\Exceptions\DatabaseException: No connection could be made because the target machine actively refused it in C:\xamppp\htdocs\campusvoice\system\Database\MySQLi\Connection.php:229
Stack trace:
#0 C:\xamppp\htdocs\campusvoice\system\Database\BaseConnection.php(392): CodeIgniter\Database\MySQLi\Connection->connect(false)
#1 C:\xamppp\htdocs\campusvoice\system\Database\BaseConnection.php(575): CodeIgniter\Database\BaseConnection->initialize()
#2 C:\xamppp\htdocs\campusvoice\system\Database\BaseBuilder.php(1616): CodeIgniter\Database\BaseConnection->query('SELECT `users`....', Array, false)
#3 C:\xamppp\htdocs\campusvoice\system\Model.php(271): CodeIgniter\Database\BaseBuilder->get()
#4 C:\xamppp\htdocs\campusvoice\system\BaseModel.php(679): CodeIgniter\Model->doFirst()
#5 C:\xamppp\htdocs\campusvoice\app\Controllers\Student\AuthController.php(186): CodeIgniter\BaseModel->first()
#6 C:\xamppp\htdocs\campusvoice\app\Controllers\Student\AuthController.php(36): App\Controllers\Student\AuthController->handleLogin()
#7 C:\xamppp\htdocs\campusvoice\system\CodeIgniter.php(943): App\Controllers\Student\AuthController->login()
#8 C:\xamppp\htdocs\campusvoice\system\CodeIgniter.php(503): CodeIgniter\CodeIgniter->runController(Object(App\Controllers\Student\AuthController))
#9 C:\xamppp\htdocs\campusvoice\system\CodeIgniter.php(361): CodeIgniter\CodeIgniter->handleRequest(NULL, Object(Config\Cache), false)
#10 C:\xamppp\htdocs\campusvoice\public\index.php(79): CodeIgniter\CodeIgniter->run()
#11 {main}
CRITICAL - 2026-04-22 13:57:54 --> CodeIgniter\Database\Exceptions\DatabaseException: Unable to connect to the database.
Main connection [MySQLi]: No connection could be made because the target machine actively refused it
in SYSTEMPATH\Database\BaseConnection.php on line 428.
 1 SYSTEMPATH\Database\BaseConnection.php(575): CodeIgniter\Database\BaseConnection->initialize()
 2 SYSTEMPATH\Database\BaseBuilder.php(1616): CodeIgniter\Database\BaseConnection->query('SELECT `users`.*, `roles`.`name` as `role`
FROM `users`
LEFT JOIN `roles` ON `roles`.`id` = `users`.`role_id`
WHERE `users`.`email` = :users.email:
AND `users`.`deleted_at` IS NULL
 LIMIT 1', [...], false)
 3 SYSTEMPATH\Model.php(271): CodeIgniter\Database\BaseBuilder->get()
 4 SYSTEMPATH\BaseModel.php(679): CodeIgniter\Model->doFirst()
 5 APPPATH\Controllers\Student\AuthController.php(186): CodeIgniter\BaseModel->first()
 6 APPPATH\Controllers\Student\AuthController.php(36): App\Controllers\Student\AuthController->handleLogin()
 7 SYSTEMPATH\CodeIgniter.php(943): App\Controllers\Student\AuthController->login()
 8 SYSTEMPATH\CodeIgniter.php(503): CodeIgniter\CodeIgniter->runController(Object(App\Controllers\Student\AuthController))
 9 SYSTEMPATH\CodeIgniter.php(361): CodeIgniter\CodeIgniter->handleRequest(null, Object(Config\Cache), false)
10 FCPATH\index.php(79): CodeIgniter\CodeIgniter->run()
INFO - 2026-04-22 13:59:07 --> Session: Class initialized using 'CodeIgniter\Session\Handlers\FileHandler' driver.
INFO - 2026-04-22 13:59:08 --> Session: Class initialized using 'CodeIgniter\Session\Handlers\FileHandler' driver.
INFO - 2026-04-22 13:59:14 --> Session: Class initialized using 'CodeIgniter\Session\Handlers\FileHandler' driver.
ERROR - 2026-04-22 13:59:19 --> Error connecting to the database: mysqli_sql_exception: No connection could be made because the target machine actively refused it in C:\xamppp\htdocs\campusvoice\system\Database\MySQLi\Connection.php:184
Stack trace:
#0 C:\xamppp\htdocs\campusvoice\system\Database\MySQLi\Connection.php(184): mysqli->real_connect('localhost', 'root', Object(SensitiveParameterValue), 'campusvoice', 3306, '', 0)
#1 C:\xamppp\htdocs\campusvoice\system\Database\BaseConnection.php(392): CodeIgniter\Database\MySQLi\Connection->connect(false)
#2 C:\xamppp\htdocs\campusvoice\system\Database\BaseConnection.php(575): CodeIgniter\Database\BaseConnection->initialize()
#3 C:\xamppp\htdocs\campusvoice\system\Database\BaseBuilder.php(1616): CodeIgniter\Database\BaseConnection->query('SELECT `users`....', Array, false)
#4 C:\xamppp\htdocs\campusvoice\system\Model.php(271): CodeIgniter\Database\BaseBuilder->get()
#5 C:\xamppp\htdocs\campusvoice\system\BaseModel.php(679): CodeIgniter\Model->doFirst()
#6 C:\xamppp\htdocs\campusvoice\app\Controllers\Student\AuthController.php(186): CodeIgniter\BaseModel->first()
#7 C:\xamppp\htdocs\campusvoice\app\Controllers\Student\AuthController.php(36): App\Controllers\Student\AuthController->handleLogin()
#8 C:\xamppp\htdocs\campusvoice\system\CodeIgniter.php(943): App\Controllers\Student\AuthController->login()
#9 C:\xamppp\htdocs\campusvoice\system\CodeIgniter.php(503): CodeIgniter\CodeIgniter->runController(Object(App\Controllers\Student\AuthController))
#10 C:\xamppp\htdocs\campusvoice\system\CodeIgniter.php(361): CodeIgniter\CodeIgniter->handleRequest(NULL, Object(Config\Cache), false)
#11 C:\xamppp\htdocs\campusvoice\public\index.php(79): CodeIgniter\CodeIgniter->run()
#12 {main}

Next CodeIgniter\Database\Exceptions\DatabaseException: No connection could be made because the target machine actively refused it in C:\xamppp\htdocs\campusvoice\system\Database\MySQLi\Connection.php:229
Stack trace:
#0 C:\xamppp\htdocs\campusvoice\system\Database\BaseConnection.php(392): CodeIgniter\Database\MySQLi\Connection->connect(false)
#1 C:\xamppp\htdocs\campusvoice\system\Database\BaseConnection.php(575): CodeIgniter\Database\BaseConnection->initialize()
#2 C:\xamppp\htdocs\campusvoice\system\Database\BaseBuilder.php(1616): CodeIgniter\Database\BaseConnection->query('SELECT `users`....', Array, false)
#3 C:\xamppp\htdocs\campusvoice\system\Model.php(271): CodeIgniter\Database\BaseBuilder->get()
#4 C:\xamppp\htdocs\campusvoice\system\BaseModel.php(679): CodeIgniter\Model->doFirst()
#5 C:\xamppp\htdocs\campusvoice\app\Controllers\Student\AuthController.php(186): CodeIgniter\BaseModel->first()
#6 C:\xamppp\htdocs\campusvoice\app\Controllers\Student\AuthController.php(36): App\Controllers\Student\AuthController->handleLogin()
#7 C:\xamppp\htdocs\campusvoice\system\CodeIgniter.php(943): App\Controllers\Student\AuthController->login()
#8 C:\xamppp\htdocs\campusvoice\system\CodeIgniter.php(503): CodeIgniter\CodeIgniter->runController(Object(App\Controllers\Student\AuthController))
#9 C:\xamppp\htdocs\campusvoice\system\CodeIgniter.php(361): CodeIgniter\CodeIgniter->handleRequest(NULL, Object(Config\Cache), false)
#10 C:\xamppp\htdocs\campusvoice\public\index.php(79): CodeIgniter\CodeIgniter->run()
#11 {main}
CRITICAL - 2026-04-22 13:59:19 --> CodeIgniter\Database\Exceptions\DatabaseException: Unable to connect to the database.
Main connection [MySQLi]: No connection could be made because the target machine actively refused it
in SYSTEMPATH\Database\BaseConnection.php on line 428.
 1 SYSTEMPATH\Database\BaseConnection.php(575): CodeIgniter\Database\BaseConnection->initialize()
 2 SYSTEMPATH\Database\BaseBuilder.php(1616): CodeIgniter\Database\BaseConnection->query('SELECT `users`.*, `roles`.`name` as `role`
FROM `users`
LEFT JOIN `roles` ON `roles`.`id` = `users`.`role_id`
WHERE `users`.`email` = :users.email:
AND `users`.`deleted_at` IS NULL
 LIMIT 1', [...], false)
 3 SYSTEMPATH\Model.php(271): CodeIgniter\Database\BaseBuilder->get()
 4 SYSTEMPATH\BaseModel.php(679): CodeIgniter\Model->doFirst()
 5 APPPATH\Controllers\Student\AuthController.php(186): CodeIgniter\BaseModel->first()
 6 APPPATH\Controllers\Student\AuthController.php(36): App\Controllers\Student\AuthController->handleLogin()
 7 SYSTEMPATH\CodeIgniter.php(943): App\Controllers\Student\AuthController->login()
 8 SYSTEMPATH\CodeIgniter.php(503): CodeIgniter\CodeIgniter->runController(Object(App\Controllers\Student\AuthController))
 9 SYSTEMPATH\CodeIgniter.php(361): CodeIgniter\CodeIgniter->handleRequest(null, Object(Config\Cache), false)
10 FCPATH\index.php(79): CodeIgniter\CodeIgniter->run()
INFO - 2026-04-22 13:59:32 --> Session: Class initialized using 'CodeIgniter\Session\Handlers\FileHandler' driver.
INFO - 2026-04-22 13:59:32 --> Session: Class initialized using 'CodeIgniter\Session\Handlers\FileHandler' driver.
INFO - 2026-04-22 13:59:39 --> Session: Class initialized using 'CodeIgniter\Session\Handlers\FileHandler' driver.
INFO - 2026-04-22 13:59:40 --> Session: Class initialized using 'CodeIgniter\Session\Handlers\FileHandler' driver.
INFO - 2026-04-22 13:59:48 --> Session: Class initialized using 'CodeIgniter\Session\Handlers\FileHandler' driver.
INFO - 2026-04-22 13:59:56 --> Session: Class initialized using 'CodeIgniter\Session\Handlers\FileHandler' driver.
INFO - 2026-04-22 13:59:57 --> Session: Class initialized using 'CodeIgniter\Session\Handlers\FileHandler' driver.
INFO - 2026-04-22 13:59:59 --> Session: Class initialized using 'CodeIgniter\Session\Handlers\FileHandler' driver.
INFO - 2026-04-22 14:00:55 --> Session: Class initialized using 'CodeIgniter\Session\Handlers\FileHandler' driver.
INFO - 2026-04-22 14:01:01 --> Session: Class initialized using 'CodeIgniter\Session\Handlers\FileHandler' driver.
INFO - 2026-04-22 14:02:09 --> Session: Class initialized using 'CodeIgniter\Session\Handlers\FileHandler' driver.
INFO - 2026-04-22 14:13:00 --> Session: Class initialized using 'CodeIgniter\Session\Handlers\FileHandler' driver.
INFO - 2026-04-22 14:14:58 --> Session: Class initialized using 'CodeIgniter\Session\Handlers\FileHandler' driver.
INFO - 2026-04-22 14:15:10 --> Session: Class initialized using 'CodeIgniter\Session\Handlers\FileHandler' driver.
INFO - 2026-04-22 14:15:16 --> Session: Class initialized using 'CodeIgniter\Session\Handlers\FileHandler' driver.
INFO - 2026-04-22 14:15:18 --> Session: Class initialized using 'CodeIgniter\Session\Handlers\FileHandler' driver.
INFO - 2026-04-22 14:15:26 --> Session: Class initialized using 'CodeIgniter\Session\Handlers\FileHandler' driver.
INFO - 2026-04-22 14:15:26 --> Session: Class initialized using 'CodeIgniter\Session\Handlers\FileHandler' driver.
INFO - 2026-04-22 14:18:40 --> Session: Class initialized using 'CodeIgniter\Session\Handlers\FileHandler' driver.
INFO - 2026-04-22 14:18:47 --> Session: Class initialized using 'CodeIgniter\Session\Handlers\FileHandler' driver.
INFO - 2026-04-22 14:18:54 --> Session: Class initialized using 'CodeIgniter\Session\Handlers\FileHandler' driver.
INFO - 2026-04-22 14:18:59 --> Session: Class initialized using 'CodeIgniter\Session\Handlers\FileHandler' driver.
INFO - 2026-04-22 14:19:02 --> Session: Class initialized using 'CodeIgniter\Session\Handlers\FileHandler' driver.
INFO - 2026-04-22 14:19:02 --> Session: Class initialized using 'CodeIgniter\Session\Handlers\FileHandler' driver.
INFO - 2026-04-22 14:19:03 --> Session: Class initialized using 'CodeIgniter\Session\Handlers\FileHandler' driver.
INFO - 2026-04-22 14:19:05 --> Session: Class initialized using 'CodeIgniter\Session\Handlers\FileHandler' driver.
INFO - 2026-04-22 14:19:05 --> Session: Class initialized using 'CodeIgniter\Session\Handlers\FileHandler' driver.
INFO - 2026-04-22 14:19:07 --> Session: Class initialized using 'CodeIgniter\Session\Handlers\FileHandler' driver.
INFO - 2026-04-22 14:19:08 --> Session: Class initialized using 'CodeIgniter\Session\Handlers\FileHandler' driver.
INFO - 2026-04-22 14:19:09 --> Session: Class initialized using 'CodeIgniter\Session\Handlers\FileHandler' driver.
INFO - 2026-04-22 14:19:09 --> Session: Class initialized using 'CodeIgniter\Session\Handlers\FileHandler' driver.
INFO - 2026-04-22 14:19:10 --> Session: Class initialized using 'CodeIgniter\Session\Handlers\FileHandler' driver.
INFO - 2026-04-22 14:19:11 --> Session: Class initialized using 'CodeIgniter\Session\Handlers\FileHandler' driver.
INFO - 2026-04-22 14:19:16 --> Session: Class initialized using 'CodeIgniter\Session\Handlers\FileHandler' driver.
INFO - 2026-04-22 14:19:17 --> Session: Class initialized using 'CodeIgniter\Session\Handlers\FileHandler' driver.
INFO - 2026-04-22 14:19:18 --> Session: Class initialized using 'CodeIgniter\Session\Handlers\FileHandler' driver.
INFO - 2026-04-22 14:19:24 --> Session: Class initialized using 'CodeIgniter\Session\Handlers\FileHandler' driver.
INFO - 2026-04-22 14:19:25 --> Session: Class initialized using 'CodeIgniter\Session\Handlers\FileHandler' driver.
INFO - 2026-04-22 14:29:51 --> Session: Class initialized using 'CodeIgniter\Session\Handlers\FileHandler' driver.
INFO - 2026-04-22 14:30:00 --> Session: Class initialized using 'CodeIgniter\Session\Handlers\FileHandler' driver.
INFO - 2026-04-22 14:30:06 --> Session: Class initialized using 'CodeIgniter\Session\Handlers\FileHandler' driver.
INFO - 2026-04-22 14:30:21 --> Session: Class initialized using 'CodeIgniter\Session\Handlers\FileHandler' driver.
INFO - 2026-04-22 14:34:16 --> Session: Class initialized using 'CodeIgniter\Session\Handlers\FileHandler' driver.
INFO - 2026-04-22 14:34:24 --> Session: Class initialized using 'CodeIgniter\Session\Handlers\FileHandler' driver.
INFO - 2026-04-22 14:34:28 --> Session: Class initialized using 'CodeIgniter\Session\Handlers\FileHandler' driver.
INFO - 2026-04-22 14:37:18 --> Session: Class initialized using 'CodeIgniter\Session\Handlers\FileHandler' driver.
INFO - 2026-04-22 14:38:06 --> Session: Class initialized using 'CodeIgniter\Session\Handlers\FileHandler' driver.
INFO - 2026-04-22 14:42:49 --> Session: Class initialized using 'CodeIgniter\Session\Handlers\FileHandler' driver.
